{"/home/prncss/Projects/github.com/prncss-xyz/composer/src/App.tsx": {"path":"/home/prncss/Projects/github.com/prncss-xyz/composer/src/App.tsx","all":true,"statementMap":{"0":{"start":{"line":1,"column":0},"end":{"line":1,"column":32}},"1":{"start":{"line":2,"column":0},"end":{"line":2,"column":42}},"2":{"start":{"line":3,"column":0},"end":{"line":3,"column":32}},"3":{"start":{"line":4,"column":0},"end":{"line":4,"column":18}},"5":{"start":{"line":6,"column":0},"end":{"line":6,"column":16}},"6":{"start":{"line":7,"column":0},"end":{"line":7,"column":38}},"8":{"start":{"line":9,"column":0},"end":{"line":9,"column":9}},"9":{"start":{"line":10,"column":0},"end":{"line":10,"column":4}},"10":{"start":{"line":11,"column":0},"end":{"line":11,"column":8}},"11":{"start":{"line":12,"column":0},"end":{"line":12,"column":49}},"12":{"start":{"line":13,"column":0},"end":{"line":13,"column":60}},"13":{"start":{"line":14,"column":0},"end":{"line":14,"column":8}},"14":{"start":{"line":15,"column":0},"end":{"line":15,"column":48}},"15":{"start":{"line":16,"column":0},"end":{"line":16,"column":68}},"16":{"start":{"line":17,"column":0},"end":{"line":17,"column":8}},"17":{"start":{"line":18,"column":0},"end":{"line":18,"column":9}},"18":{"start":{"line":19,"column":0},"end":{"line":19,"column":24}},"19":{"start":{"line":20,"column":0},"end":{"line":20,"column":25}},"20":{"start":{"line":21,"column":0},"end":{"line":21,"column":59}},"21":{"start":{"line":22,"column":0},"end":{"line":22,"column":21}},"22":{"start":{"line":23,"column":0},"end":{"line":23,"column":13}},"23":{"start":{"line":24,"column":0},"end":{"line":24,"column":7}},"24":{"start":{"line":25,"column":0},"end":{"line":25,"column":55}},"25":{"start":{"line":26,"column":0},"end":{"line":26,"column":8}},"26":{"start":{"line":27,"column":0},"end":{"line":27,"column":9}},"27":{"start":{"line":28,"column":0},"end":{"line":28,"column":32}},"29":{"start":{"line":30,"column":0},"end":{"line":30,"column":7}},"30":{"start":{"line":31,"column":0},"end":{"line":31,"column":5}},"32":{"start":{"line":33,"column":0},"end":{"line":33,"column":1}},"34":{"start":{"line":35,"column":0},"end":{"line":35,"column":18}}},"s":{"0":0,"1":0,"2":0,"3":0,"5":0,"6":0,"8":0,"9":0,"10":0,"11":0,"12":0,"13":0,"14":0,"15":0,"16":0,"17":0,"18":0,"19":0,"20":0,"21":0,"22":0,"23":0,"24":0,"25":0,"26":0,"27":0,"29":0,"30":0,"32":0,"34":0},"branchMap":{"0":{"type":"branch","line":1,"loc":{"start":{"line":1,"column":0},"end":{"line":35,"column":-467}},"locations":[{"start":{"line":1,"column":0},"end":{"line":35,"column":-467}}]}},"b":{"0":[0]},"fnMap":{"0":{"name":"(empty-report)","decl":{"start":{"line":1,"column":0},"end":{"line":35,"column":-467}},"loc":{"start":{"line":1,"column":0},"end":{"line":35,"column":-467}},"line":1}},"f":{"0":0}}
,"/home/prncss/Projects/github.com/prncss-xyz/composer/src/main.tsx": {"path":"/home/prncss/Projects/github.com/prncss-xyz/composer/src/main.tsx","all":true,"statementMap":{"0":{"start":{"line":1,"column":0},"end":{"line":1,"column":25}},"1":{"start":{"line":2,"column":0},"end":{"line":2,"column":39}},"2":{"start":{"line":3,"column":0},"end":{"line":3,"column":27}},"3":{"start":{"line":4,"column":0},"end":{"line":4,"column":20}},"5":{"start":{"line":6,"column":0},"end":{"line":6,"column":61}},"6":{"start":{"line":7,"column":0},"end":{"line":7,"column":19}},"7":{"start":{"line":8,"column":0},"end":{"line":8,"column":9}},"8":{"start":{"line":9,"column":0},"end":{"line":9,"column":21}},"9":{"start":{"line":10,"column":0},"end":{"line":10,"column":1}}},"s":{"0":0,"1":0,"2":0,"3":0,"5":0,"6":0,"7":0,"8":0,"9":0},"branchMap":{"0":{"type":"branch","line":1,"loc":{"start":{"line":1,"column":231},"end":{"line":10,"column":1}},"locations":[{"start":{"line":1,"column":231},"end":{"line":10,"column":1}}]}},"b":{"0":[0]},"fnMap":{"0":{"name":"(empty-report)","decl":{"start":{"line":1,"column":231},"end":{"line":10,"column":1}},"loc":{"start":{"line":1,"column":231},"end":{"line":10,"column":1}},"line":1}},"f":{"0":0}}
,"/home/prncss/Projects/github.com/prncss-xyz/composer/src/lib/flow.ts": {"path":"/home/prncss/Projects/github.com/prncss-xyz/composer/src/lib/flow.ts","all":false,"statementMap":{"288":{"start":{"line":289,"column":0},"end":{"line":289,"column":21}},"289":{"start":{"line":290,"column":0},"end":{"line":290,"column":12}},"290":{"start":{"line":291,"column":0},"end":{"line":291,"column":15}},"291":{"start":{"line":292,"column":0},"end":{"line":292,"column":15}},"292":{"start":{"line":293,"column":0},"end":{"line":293,"column":15}},"293":{"start":{"line":294,"column":0},"end":{"line":294,"column":15}},"294":{"start":{"line":295,"column":0},"end":{"line":295,"column":15}},"295":{"start":{"line":296,"column":0},"end":{"line":296,"column":15}},"296":{"start":{"line":297,"column":0},"end":{"line":297,"column":15}},"297":{"start":{"line":298,"column":0},"end":{"line":298,"column":15}},"298":{"start":{"line":299,"column":0},"end":{"line":299,"column":12}},"299":{"start":{"line":300,"column":0},"end":{"line":300,"column":28}},"300":{"start":{"line":301,"column":0},"end":{"line":301,"column":9}},"301":{"start":{"line":302,"column":0},"end":{"line":302,"column":11}},"302":{"start":{"line":303,"column":0},"end":{"line":303,"column":9}},"303":{"start":{"line":304,"column":0},"end":{"line":304,"column":16}},"304":{"start":{"line":305,"column":0},"end":{"line":305,"column":9}},"305":{"start":{"line":306,"column":0},"end":{"line":306,"column":21}},"306":{"start":{"line":307,"column":0},"end":{"line":307,"column":9}},"307":{"start":{"line":308,"column":0},"end":{"line":308,"column":26}},"308":{"start":{"line":309,"column":0},"end":{"line":309,"column":9}},"309":{"start":{"line":310,"column":0},"end":{"line":310,"column":31}},"310":{"start":{"line":311,"column":0},"end":{"line":311,"column":9}},"311":{"start":{"line":312,"column":0},"end":{"line":312,"column":36}},"312":{"start":{"line":313,"column":0},"end":{"line":313,"column":9}},"313":{"start":{"line":314,"column":0},"end":{"line":314,"column":41}},"314":{"start":{"line":315,"column":0},"end":{"line":315,"column":9}},"315":{"start":{"line":316,"column":0},"end":{"line":316,"column":46}},"316":{"start":{"line":317,"column":0},"end":{"line":317,"column":9}},"317":{"start":{"line":318,"column":0},"end":{"line":318,"column":51}},"318":{"start":{"line":319,"column":0},"end":{"line":319,"column":12}},"319":{"start":{"line":320,"column":0},"end":{"line":320,"column":25}},"320":{"start":{"line":321,"column":0},"end":{"line":321,"column":47}},"321":{"start":{"line":322,"column":0},"end":{"line":322,"column":27}},"322":{"start":{"line":323,"column":0},"end":{"line":323,"column":4}},"323":{"start":{"line":324,"column":0},"end":{"line":324,"column":13}},"324":{"start":{"line":325,"column":0},"end":{"line":325,"column":3}},"325":{"start":{"line":326,"column":0},"end":{"line":326,"column":2}},"326":{"start":{"line":327,"column":0},"end":{"line":327,"column":1}}},"s":{"288":1,"289":25,"290":25,"291":25,"292":25,"293":25,"294":25,"295":25,"296":25,"297":25,"298":25,"299":25,"300":25,"301":0,"302":25,"303":21,"304":25,"305":4,"306":25,"307":0,"308":25,"309":0,"310":25,"311":0,"312":25,"313":0,"314":25,"315":0,"316":25,"317":0,"318":25,"319":0,"320":0,"321":0,"322":0,"323":0,"324":0,"325":25,"326":25},"branchMap":{"0":{"type":"branch","line":289,"loc":{"start":{"line":289,"column":7},"end":{"line":327,"column":1}},"locations":[{"start":{"line":289,"column":7},"end":{"line":327,"column":1}}]},"1":{"type":"branch","line":301,"loc":{"start":{"line":301,"column":2},"end":{"line":302,"column":11}},"locations":[{"start":{"line":301,"column":2},"end":{"line":302,"column":11}}]},"2":{"type":"branch","line":303,"loc":{"start":{"line":303,"column":2},"end":{"line":304,"column":16}},"locations":[{"start":{"line":303,"column":2},"end":{"line":304,"column":16}}]},"3":{"type":"branch","line":305,"loc":{"start":{"line":305,"column":2},"end":{"line":306,"column":21}},"locations":[{"start":{"line":305,"column":2},"end":{"line":306,"column":21}}]},"4":{"type":"branch","line":307,"loc":{"start":{"line":307,"column":2},"end":{"line":308,"column":26}},"locations":[{"start":{"line":307,"column":2},"end":{"line":308,"column":26}}]},"5":{"type":"branch","line":309,"loc":{"start":{"line":309,"column":2},"end":{"line":310,"column":31}},"locations":[{"start":{"line":309,"column":2},"end":{"line":310,"column":31}}]},"6":{"type":"branch","line":311,"loc":{"start":{"line":311,"column":2},"end":{"line":312,"column":36}},"locations":[{"start":{"line":311,"column":2},"end":{"line":312,"column":36}}]},"7":{"type":"branch","line":313,"loc":{"start":{"line":313,"column":2},"end":{"line":314,"column":41}},"locations":[{"start":{"line":313,"column":2},"end":{"line":314,"column":41}}]},"8":{"type":"branch","line":315,"loc":{"start":{"line":315,"column":2},"end":{"line":316,"column":46}},"locations":[{"start":{"line":315,"column":2},"end":{"line":316,"column":46}}]},"9":{"type":"branch","line":317,"loc":{"start":{"line":317,"column":2},"end":{"line":318,"column":51}},"locations":[{"start":{"line":317,"column":2},"end":{"line":318,"column":51}}]},"10":{"type":"branch","line":319,"loc":{"start":{"line":319,"column":2},"end":{"line":325,"column":3}},"locations":[{"start":{"line":319,"column":2},"end":{"line":325,"column":3}}]}},"b":{"0":[25],"1":[0],"2":[21],"3":[4],"4":[0],"5":[0],"6":[0],"7":[0],"8":[0],"9":[0],"10":[0]},"fnMap":{"0":{"name":"flow","decl":{"start":{"line":289,"column":7},"end":{"line":327,"column":1}},"loc":{"start":{"line":289,"column":7},"end":{"line":327,"column":1}},"line":289}},"f":{"0":25}}
,"/home/prncss/Projects/github.com/prncss-xyz/composer/src/lib/guards.ts": {"path":"/home/prncss/Projects/github.com/prncss-xyz/composer/src/lib/guards.ts","all":false,"statementMap":{"1":{"start":{"line":2,"column":0},"end":{"line":2,"column":73}},"2":{"start":{"line":3,"column":0},"end":{"line":3,"column":31}},"3":{"start":{"line":4,"column":0},"end":{"line":4,"column":1}}},"s":{"1":1,"2":1,"3":1},"branchMap":{"0":{"type":"branch","line":2,"loc":{"start":{"line":2,"column":7},"end":{"line":4,"column":1}},"locations":[{"start":{"line":2,"column":7},"end":{"line":4,"column":1}}]}},"b":{"0":[1]},"fnMap":{"0":{"name":"isFunction","decl":{"start":{"line":2,"column":7},"end":{"line":4,"column":1}},"loc":{"start":{"line":2,"column":7},"end":{"line":4,"column":1}},"line":2}},"f":{"0":1}}
,"/home/prncss/Projects/github.com/prncss-xyz/composer/src/lib/optics-async.ts": {"path":"/home/prncss/Projects/github.com/prncss-xyz/composer/src/lib/optics-async.ts","all":true,"statementMap":{"0":{"start":{"line":1,"column":0},"end":{"line":1,"column":29}},"9":{"start":{"line":10,"column":0},"end":{"line":10,"column":42}},"10":{"start":{"line":11,"column":0},"end":{"line":11,"column":30}},"11":{"start":{"line":12,"column":0},"end":{"line":12,"column":30}},"12":{"start":{"line":13,"column":0},"end":{"line":13,"column":35}},"13":{"start":{"line":14,"column":0},"end":{"line":14,"column":9}},"14":{"start":{"line":15,"column":0},"end":{"line":15,"column":30}},"15":{"start":{"line":16,"column":0},"end":{"line":16,"column":12}},"16":{"start":{"line":17,"column":0},"end":{"line":17,"column":6}},"17":{"start":{"line":18,"column":0},"end":{"line":18,"column":12}},"18":{"start":{"line":19,"column":0},"end":{"line":19,"column":28}},"19":{"start":{"line":20,"column":0},"end":{"line":20,"column":6}},"20":{"start":{"line":21,"column":0},"end":{"line":21,"column":9}},"21":{"start":{"line":22,"column":0},"end":{"line":22,"column":4}},"22":{"start":{"line":23,"column":0},"end":{"line":23,"column":4}},"23":{"start":{"line":24,"column":0},"end":{"line":24,"column":27}},"24":{"start":{"line":25,"column":0},"end":{"line":25,"column":12}},"25":{"start":{"line":26,"column":0},"end":{"line":26,"column":6}},"26":{"start":{"line":27,"column":0},"end":{"line":27,"column":12}},"27":{"start":{"line":28,"column":0},"end":{"line":28,"column":28}},"28":{"start":{"line":29,"column":0},"end":{"line":29,"column":26}},"29":{"start":{"line":30,"column":0},"end":{"line":30,"column":7}},"30":{"start":{"line":31,"column":0},"end":{"line":31,"column":6}},"31":{"start":{"line":32,"column":0},"end":{"line":32,"column":18}},"32":{"start":{"line":33,"column":0},"end":{"line":33,"column":4}},"33":{"start":{"line":34,"column":0},"end":{"line":34,"column":4}},"34":{"start":{"line":35,"column":0},"end":{"line":35,"column":25}},"35":{"start":{"line":36,"column":0},"end":{"line":36,"column":12}},"36":{"start":{"line":37,"column":0},"end":{"line":37,"column":6}},"37":{"start":{"line":38,"column":0},"end":{"line":38,"column":12}},"38":{"start":{"line":39,"column":0},"end":{"line":39,"column":26}},"39":{"start":{"line":40,"column":0},"end":{"line":40,"column":26}},"40":{"start":{"line":41,"column":0},"end":{"line":41,"column":7}},"41":{"start":{"line":42,"column":0},"end":{"line":42,"column":6}},"42":{"start":{"line":43,"column":0},"end":{"line":43,"column":18}},"43":{"start":{"line":44,"column":0},"end":{"line":44,"column":4}},"44":{"start":{"line":45,"column":0},"end":{"line":45,"column":4}},"45":{"start":{"line":46,"column":0},"end":{"line":46,"column":2}},"46":{"start":{"line":47,"column":0},"end":{"line":47,"column":1}},"48":{"start":{"line":49,"column":0},"end":{"line":49,"column":51}},"49":{"start":{"line":50,"column":0},"end":{"line":50,"column":9}},"50":{"start":{"line":51,"column":0},"end":{"line":51,"column":24}},"51":{"start":{"line":52,"column":0},"end":{"line":52,"column":10}},"52":{"start":{"line":53,"column":0},"end":{"line":53,"column":4}},"53":{"start":{"line":54,"column":0},"end":{"line":54,"column":28}},"54":{"start":{"line":55,"column":0},"end":{"line":55,"column":10}},"55":{"start":{"line":56,"column":0},"end":{"line":56,"column":4}},"56":{"start":{"line":57,"column":0},"end":{"line":57,"column":17}},"57":{"start":{"line":58,"column":0},"end":{"line":58,"column":2}},"58":{"start":{"line":59,"column":0},"end":{"line":59,"column":1}},"60":{"start":{"line":61,"column":0},"end":{"line":61,"column":43}},"61":{"start":{"line":62,"column":0},"end":{"line":62,"column":30}},"62":{"start":{"line":63,"column":0},"end":{"line":63,"column":32}},"63":{"start":{"line":64,"column":0},"end":{"line":64,"column":38}},"64":{"start":{"line":65,"column":0},"end":{"line":65,"column":21}},"65":{"start":{"line":66,"column":0},"end":{"line":66,"column":25}},"66":{"start":{"line":67,"column":0},"end":{"line":67,"column":14}},"67":{"start":{"line":68,"column":0},"end":{"line":68,"column":5}},"68":{"start":{"line":69,"column":0},"end":{"line":69,"column":28}},"69":{"start":{"line":70,"column":0},"end":{"line":70,"column":26}},"70":{"start":{"line":71,"column":0},"end":{"line":71,"column":5}},"71":{"start":{"line":72,"column":0},"end":{"line":72,"column":18}},"72":{"start":{"line":73,"column":0},"end":{"line":73,"column":4}},"73":{"start":{"line":74,"column":0},"end":{"line":74,"column":2}},"74":{"start":{"line":75,"column":0},"end":{"line":75,"column":1}},"76":{"start":{"line":77,"column":0},"end":{"line":77,"column":27}},"77":{"start":{"line":78,"column":0},"end":{"line":78,"column":30}},"78":{"start":{"line":79,"column":0},"end":{"line":79,"column":34}},"79":{"start":{"line":80,"column":0},"end":{"line":80,"column":55}},"80":{"start":{"line":81,"column":0},"end":{"line":81,"column":21}},"81":{"start":{"line":82,"column":0},"end":{"line":82,"column":32}},"82":{"start":{"line":83,"column":0},"end":{"line":83,"column":22}},"83":{"start":{"line":84,"column":0},"end":{"line":84,"column":40}},"84":{"start":{"line":85,"column":0},"end":{"line":85,"column":16}},"85":{"start":{"line":86,"column":0},"end":{"line":86,"column":5}},"86":{"start":{"line":87,"column":0},"end":{"line":87,"column":29}},"87":{"start":{"line":88,"column":0},"end":{"line":88,"column":23}},"88":{"start":{"line":89,"column":0},"end":{"line":89,"column":5}},"89":{"start":{"line":90,"column":0},"end":{"line":90,"column":28}},"90":{"start":{"line":91,"column":0},"end":{"line":91,"column":25}},"91":{"start":{"line":92,"column":0},"end":{"line":92,"column":5}},"92":{"start":{"line":93,"column":0},"end":{"line":93,"column":4}},"93":{"start":{"line":94,"column":0},"end":{"line":94,"column":2}},"94":{"start":{"line":95,"column":0},"end":{"line":95,"column":1}},"96":{"start":{"line":97,"column":0},"end":{"line":97,"column":11}},"97":{"start":{"line":98,"column":0},"end":{"line":98,"column":5}},"98":{"start":{"line":99,"column":0},"end":{"line":99,"column":10}},"99":{"start":{"line":100,"column":0},"end":{"line":100,"column":21}},"100":{"start":{"line":101,"column":0},"end":{"line":101,"column":3}},"101":{"start":{"line":102,"column":0},"end":{"line":102,"column":1}},"104":{"start":{"line":105,"column":0},"end":{"line":105,"column":63}}},"s":{"0":0,"9":0,"10":0,"11":0,"12":0,"13":0,"14":0,"15":0,"16":0,"17":0,"18":0,"19":0,"20":0,"21":0,"22":0,"23":0,"24":0,"25":0,"26":0,"27":0,"28":0,"29":0,"30":0,"31":0,"32":0,"33":0,"34":0,"35":0,"36":0,"37":0,"38":0,"39":0,"40":0,"41":0,"42":0,"43":0,"44":0,"45":0,"46":0,"48":0,"49":0,"50":0,"51":0,"52":0,"53":0,"54":0,"55":0,"56":0,"57":0,"58":0,"60":0,"61":0,"62":0,"63":0,"64":0,"65":0,"66":0,"67":0,"68":0,"69":0,"70":0,"71":0,"72":0,"73":0,"74":0,"76":0,"77":0,"78":0,"79":0,"80":0,"81":0,"82":0,"83":0,"84":0,"85":0,"86":0,"87":0,"88":0,"89":0,"90":0,"91":0,"92":0,"93":0,"94":0,"96":0,"97":0,"98":0,"99":0,"100":0,"101":0,"104":0},"branchMap":{"0":{"type":"branch","line":1,"loc":{"start":{"line":1,"column":1914},"end":{"line":105,"column":63}},"locations":[{"start":{"line":1,"column":1914},"end":{"line":105,"column":63}}]}},"b":{"0":[0]},"fnMap":{"0":{"name":"(empty-report)","decl":{"start":{"line":1,"column":1914},"end":{"line":105,"column":63}},"loc":{"start":{"line":1,"column":1914},"end":{"line":105,"column":63}},"line":1}},"f":{"0":0}}
,"/home/prncss/Projects/github.com/prncss-xyz/composer/src/lib/playground.ts": {"path":"/home/prncss/Projects/github.com/prncss-xyz/composer/src/lib/playground.ts","all":true,"statementMap":{"0":{"start":{"line":1,"column":0},"end":{"line":1,"column":27}},"1":{"start":{"line":2,"column":0},"end":{"line":2,"column":50}},"2":{"start":{"line":3,"column":0},"end":{"line":3,"column":29}},"3":{"start":{"line":4,"column":0},"end":{"line":4,"column":39}},"5":{"start":{"line":6,"column":0},"end":{"line":6,"column":58}},"6":{"start":{"line":7,"column":0},"end":{"line":7,"column":25}},"7":{"start":{"line":8,"column":0},"end":{"line":8,"column":12}},"8":{"start":{"line":9,"column":0},"end":{"line":9,"column":3}},"9":{"start":{"line":10,"column":0},"end":{"line":10,"column":1}},"11":{"start":{"line":12,"column":0},"end":{"line":12,"column":43}},"12":{"start":{"line":13,"column":0},"end":{"line":13,"column":22}},"13":{"start":{"line":14,"column":0},"end":{"line":14,"column":12}},"14":{"start":{"line":15,"column":0},"end":{"line":15,"column":3}},"15":{"start":{"line":16,"column":0},"end":{"line":16,"column":1}},"17":{"start":{"line":18,"column":0},"end":{"line":18,"column":19}},"18":{"start":{"line":19,"column":0},"end":{"line":19,"column":37}},"20":{"start":{"line":21,"column":0},"end":{"line":21,"column":11}},"21":{"start":{"line":22,"column":0},"end":{"line":22,"column":5}},"22":{"start":{"line":23,"column":0},"end":{"line":23,"column":10}},"23":{"start":{"line":24,"column":0},"end":{"line":24,"column":21}},"24":{"start":{"line":25,"column":0},"end":{"line":25,"column":15}},"25":{"start":{"line":26,"column":0},"end":{"line":26,"column":3}},"26":{"start":{"line":27,"column":0},"end":{"line":27,"column":1}},"29":{"start":{"line":30,"column":0},"end":{"line":30,"column":17}},"30":{"start":{"line":31,"column":0},"end":{"line":31,"column":9}},"31":{"start":{"line":32,"column":0},"end":{"line":32,"column":11}},"32":{"start":{"line":33,"column":0},"end":{"line":33,"column":11}},"33":{"start":{"line":34,"column":0},"end":{"line":34,"column":21}},"34":{"start":{"line":35,"column":0},"end":{"line":35,"column":1}},"36":{"start":{"line":37,"column":0},"end":{"line":37,"column":18}},"37":{"start":{"line":38,"column":0},"end":{"line":38,"column":9}},"38":{"start":{"line":39,"column":0},"end":{"line":39,"column":11}},"39":{"start":{"line":40,"column":0},"end":{"line":40,"column":11}},"40":{"start":{"line":41,"column":0},"end":{"line":41,"column":22}},"41":{"start":{"line":42,"column":0},"end":{"line":42,"column":1}},"42":{"start":{"line":43,"column":0},"end":{"line":43,"column":22}}},"s":{"0":0,"1":0,"2":0,"3":0,"5":0,"6":0,"7":0,"8":0,"9":0,"11":0,"12":0,"13":0,"14":0,"15":0,"17":0,"18":0,"20":0,"21":0,"22":0,"23":0,"24":0,"25":0,"26":0,"29":0,"30":0,"31":0,"32":0,"33":0,"34":0,"36":0,"37":0,"38":0,"39":0,"40":0,"41":0,"42":0},"branchMap":{"0":{"type":"branch","line":1,"loc":{"start":{"line":1,"column":0},"end":{"line":43,"column":-341}},"locations":[{"start":{"line":1,"column":0},"end":{"line":43,"column":-341}}]}},"b":{"0":[0]},"fnMap":{"0":{"name":"(empty-report)","decl":{"start":{"line":1,"column":0},"end":{"line":43,"column":-341}},"loc":{"start":{"line":1,"column":0},"end":{"line":43,"column":-341}},"line":1}},"f":{"0":0}}
,"/home/prncss/Projects/github.com/prncss-xyz/composer/src/lib/react.ts": {"path":"/home/prncss/Projects/github.com/prncss-xyz/composer/src/lib/react.ts","all":true,"statementMap":{"0":{"start":{"line":1,"column":0},"end":{"line":1,"column":53}},"1":{"start":{"line":2,"column":0},"end":{"line":2,"column":47}},"2":{"start":{"line":3,"column":0},"end":{"line":3,"column":47}},"3":{"start":{"line":4,"column":0},"end":{"line":4,"column":43}},"4":{"start":{"line":5,"column":0},"end":{"line":5,"column":37}},"5":{"start":{"line":6,"column":0},"end":{"line":6,"column":38}},"7":{"start":{"line":8,"column":0},"end":{"line":8,"column":37}},"8":{"start":{"line":9,"column":0},"end":{"line":9,"column":17}},"9":{"start":{"line":10,"column":0},"end":{"line":10,"column":21}},"10":{"start":{"line":11,"column":0},"end":{"line":11,"column":22}},"11":{"start":{"line":12,"column":0},"end":{"line":12,"column":3}},"12":{"start":{"line":13,"column":0},"end":{"line":13,"column":42}},"13":{"start":{"line":14,"column":0},"end":{"line":14,"column":47}},"14":{"start":{"line":15,"column":0},"end":{"line":15,"column":28}},"15":{"start":{"line":16,"column":0},"end":{"line":16,"column":2}},"16":{"start":{"line":17,"column":0},"end":{"line":17,"column":50}},"17":{"start":{"line":18,"column":0},"end":{"line":18,"column":1}},"19":{"start":{"line":20,"column":0},"end":{"line":20,"column":42}},"20":{"start":{"line":21,"column":0},"end":{"line":21,"column":17}},"21":{"start":{"line":22,"column":0},"end":{"line":22,"column":64}},"22":{"start":{"line":23,"column":0},"end":{"line":23,"column":22}},"23":{"start":{"line":24,"column":0},"end":{"line":24,"column":3}},"24":{"start":{"line":25,"column":0},"end":{"line":25,"column":23}},"25":{"start":{"line":26,"column":0},"end":{"line":26,"column":7}},"26":{"start":{"line":27,"column":0},"end":{"line":27,"column":72}},"27":{"start":{"line":28,"column":0},"end":{"line":28,"column":12}},"28":{"start":{"line":29,"column":0},"end":{"line":29,"column":2}},"29":{"start":{"line":30,"column":0},"end":{"line":30,"column":53}},"30":{"start":{"line":31,"column":0},"end":{"line":31,"column":1}},"32":{"start":{"line":33,"column":0},"end":{"line":33,"column":37}},"33":{"start":{"line":34,"column":0},"end":{"line":34,"column":17}},"34":{"start":{"line":35,"column":0},"end":{"line":35,"column":69}},"35":{"start":{"line":36,"column":0},"end":{"line":36,"column":22}},"36":{"start":{"line":37,"column":0},"end":{"line":37,"column":3}},"37":{"start":{"line":38,"column":0},"end":{"line":38,"column":23}},"38":{"start":{"line":39,"column":0},"end":{"line":39,"column":7}},"39":{"start":{"line":40,"column":0},"end":{"line":40,"column":22}},"40":{"start":{"line":41,"column":0},"end":{"line":41,"column":57}},"41":{"start":{"line":42,"column":0},"end":{"line":42,"column":14}},"42":{"start":{"line":43,"column":0},"end":{"line":43,"column":19}},"43":{"start":{"line":44,"column":0},"end":{"line":44,"column":2}},"44":{"start":{"line":45,"column":0},"end":{"line":45,"column":9}},"45":{"start":{"line":46,"column":0},"end":{"line":46,"column":48}},"46":{"start":{"line":47,"column":0},"end":{"line":47,"column":10}},"47":{"start":{"line":48,"column":0},"end":{"line":48,"column":59}},"48":{"start":{"line":49,"column":0},"end":{"line":49,"column":18}},"49":{"start":{"line":50,"column":0},"end":{"line":50,"column":4}},"50":{"start":{"line":51,"column":0},"end":{"line":51,"column":11}},"51":{"start":{"line":52,"column":0},"end":{"line":52,"column":1}}},"s":{"0":0,"1":0,"2":0,"3":0,"4":0,"5":0,"7":0,"8":0,"9":0,"10":0,"11":0,"12":0,"13":0,"14":0,"15":0,"16":0,"17":0,"19":0,"20":0,"21":0,"22":0,"23":0,"24":0,"25":0,"26":0,"27":0,"28":0,"29":0,"30":0,"32":0,"33":0,"34":0,"35":0,"36":0,"37":0,"38":0,"39":0,"40":0,"41":0,"42":0,"43":0,"44":0,"45":0,"46":0,"47":0,"48":0,"49":0,"50":0,"51":0},"branchMap":{"0":{"type":"branch","line":1,"loc":{"start":{"line":1,"column":0},"end":{"line":52,"column":-531}},"locations":[{"start":{"line":1,"column":0},"end":{"line":52,"column":-531}}]}},"b":{"0":[0]},"fnMap":{"0":{"name":"(empty-report)","decl":{"start":{"line":1,"column":0},"end":{"line":52,"column":-531}},"loc":{"start":{"line":1,"column":0},"end":{"line":52,"column":-531}},"line":1}},"f":{"0":0}}
,"/home/prncss/Projects/github.com/prncss-xyz/composer/src/lib/stores-mount.ts": {"path":"/home/prncss/Projects/github.com/prncss-xyz/composer/src/lib/stores-mount.ts","all":true,"statementMap":{"0":{"start":{"line":1,"column":0},"end":{"line":1,"column":32}},"2":{"start":{"line":3,"column":0},"end":{"line":3,"column":47}},"3":{"start":{"line":4,"column":0},"end":{"line":4,"column":18}},"4":{"start":{"line":5,"column":0},"end":{"line":5,"column":27}},"6":{"start":{"line":7,"column":0},"end":{"line":7,"column":40}},"7":{"start":{"line":8,"column":0},"end":{"line":8,"column":49}},"8":{"start":{"line":9,"column":0},"end":{"line":9,"column":14}},"9":{"start":{"line":10,"column":0},"end":{"line":10,"column":23}},"10":{"start":{"line":11,"column":0},"end":{"line":11,"column":21}},"11":{"start":{"line":12,"column":0},"end":{"line":12,"column":53}},"12":{"start":{"line":13,"column":0},"end":{"line":13,"column":8}},"13":{"start":{"line":14,"column":0},"end":{"line":14,"column":16}},"14":{"start":{"line":15,"column":0},"end":{"line":15,"column":16}},"15":{"start":{"line":16,"column":0},"end":{"line":16,"column":15}},"16":{"start":{"line":17,"column":0},"end":{"line":17,"column":24}},"17":{"start":{"line":18,"column":0},"end":{"line":18,"column":22}},"18":{"start":{"line":19,"column":0},"end":{"line":19,"column":41}},"19":{"start":{"line":20,"column":0},"end":{"line":20,"column":9}},"20":{"start":{"line":21,"column":0},"end":{"line":21,"column":3}},"21":{"start":{"line":22,"column":0},"end":{"line":22,"column":2}},"22":{"start":{"line":23,"column":0},"end":{"line":23,"column":1}}},"s":{"0":0,"2":0,"3":0,"4":0,"6":0,"7":0,"8":0,"9":0,"10":0,"11":0,"12":0,"13":0,"14":0,"15":0,"16":0,"17":0,"18":0,"19":0,"20":0,"21":0,"22":0},"branchMap":{"0":{"type":"branch","line":1,"loc":{"start":{"line":1,"column":0},"end":{"line":23,"column":-125}},"locations":[{"start":{"line":1,"column":0},"end":{"line":23,"column":-125}}]}},"b":{"0":[0]},"fnMap":{"0":{"name":"(empty-report)","decl":{"start":{"line":1,"column":0},"end":{"line":23,"column":-125}},"loc":{"start":{"line":1,"column":0},"end":{"line":23,"column":-125}},"line":1}},"f":{"0":0}}
,"/home/prncss/Projects/github.com/prncss-xyz/composer/src/lib/stores.ts": {"path":"/home/prncss/Projects/github.com/prncss-xyz/composer/src/lib/stores.ts","all":true,"statementMap":{"0":{"start":{"line":1,"column":0},"end":{"line":1,"column":44}},"8":{"start":{"line":9,"column":0},"end":{"line":9,"column":23}},"11":{"start":{"line":12,"column":0},"end":{"line":12,"column":53}},"14":{"start":{"line":15,"column":0},"end":{"line":15,"column":78}},"15":{"start":{"line":16,"column":0},"end":{"line":16,"column":18}},"16":{"start":{"line":17,"column":0},"end":{"line":17,"column":26}},"17":{"start":{"line":18,"column":0},"end":{"line":18,"column":28}},"18":{"start":{"line":19,"column":0},"end":{"line":19,"column":27}},"19":{"start":{"line":20,"column":0},"end":{"line":20,"column":2}},"20":{"start":{"line":21,"column":0},"end":{"line":21,"column":12}},"21":{"start":{"line":22,"column":0},"end":{"line":22,"column":28}},"22":{"start":{"line":23,"column":0},"end":{"line":23,"column":2}},"23":{"start":{"line":24,"column":0},"end":{"line":24,"column":12}},"24":{"start":{"line":25,"column":0},"end":{"line":25,"column":42}},"25":{"start":{"line":26,"column":0},"end":{"line":26,"column":17}},"26":{"start":{"line":27,"column":0},"end":{"line":27,"column":46}},"27":{"start":{"line":28,"column":0},"end":{"line":28,"column":19}},"28":{"start":{"line":29,"column":0},"end":{"line":29,"column":3}},"29":{"start":{"line":30,"column":0},"end":{"line":30,"column":2}},"30":{"start":{"line":31,"column":0},"end":{"line":31,"column":25}},"31":{"start":{"line":32,"column":0},"end":{"line":32,"column":23}},"32":{"start":{"line":33,"column":0},"end":{"line":33,"column":2}},"33":{"start":{"line":34,"column":0},"end":{"line":34,"column":9}},"34":{"start":{"line":35,"column":0},"end":{"line":35,"column":17}},"35":{"start":{"line":36,"column":0},"end":{"line":36,"column":2}},"36":{"start":{"line":37,"column":0},"end":{"line":37,"column":40}},"37":{"start":{"line":38,"column":0},"end":{"line":38,"column":34}},"38":{"start":{"line":39,"column":0},"end":{"line":39,"column":16}},"39":{"start":{"line":40,"column":0},"end":{"line":40,"column":38}},"40":{"start":{"line":41,"column":0},"end":{"line":41,"column":3}},"41":{"start":{"line":42,"column":0},"end":{"line":42,"column":2}},"42":{"start":{"line":43,"column":0},"end":{"line":43,"column":8}},"43":{"start":{"line":44,"column":0},"end":{"line":44,"column":62}},"44":{"start":{"line":45,"column":0},"end":{"line":45,"column":2}},"45":{"start":{"line":46,"column":0},"end":{"line":46,"column":1}},"47":{"start":{"line":48,"column":0},"end":{"line":48,"column":36}},"48":{"start":{"line":49,"column":0},"end":{"line":49,"column":17}},"49":{"start":{"line":50,"column":0},"end":{"line":50,"column":21}},"50":{"start":{"line":51,"column":0},"end":{"line":51,"column":22}},"51":{"start":{"line":52,"column":0},"end":{"line":52,"column":3}},"52":{"start":{"line":53,"column":0},"end":{"line":53,"column":9}},"53":{"start":{"line":54,"column":0},"end":{"line":54,"column":46}},"54":{"start":{"line":55,"column":0},"end":{"line":55,"column":34}},"55":{"start":{"line":56,"column":0},"end":{"line":56,"column":34}},"56":{"start":{"line":57,"column":0},"end":{"line":57,"column":41}},"57":{"start":{"line":58,"column":0},"end":{"line":58,"column":20}},"58":{"start":{"line":59,"column":0},"end":{"line":59,"column":25}},"59":{"start":{"line":60,"column":0},"end":{"line":60,"column":5}},"60":{"start":{"line":61,"column":0},"end":{"line":61,"column":4}},"61":{"start":{"line":62,"column":0},"end":{"line":62,"column":35}},"62":{"start":{"line":63,"column":0},"end":{"line":63,"column":14}},"63":{"start":{"line":64,"column":0},"end":{"line":64,"column":24}},"64":{"start":{"line":65,"column":0},"end":{"line":65,"column":37}},"65":{"start":{"line":66,"column":0},"end":{"line":66,"column":4}},"66":{"start":{"line":67,"column":0},"end":{"line":67,"column":2}},"67":{"start":{"line":68,"column":0},"end":{"line":68,"column":1}}},"s":{"0":0,"8":0,"11":0,"14":0,"15":0,"16":0,"17":0,"18":0,"19":0,"20":0,"21":0,"22":0,"23":0,"24":0,"25":0,"26":0,"27":0,"28":0,"29":0,"30":0,"31":0,"32":0,"33":0,"34":0,"35":0,"36":0,"37":0,"38":0,"39":0,"40":0,"41":0,"42":0,"43":0,"44":0,"45":0,"47":0,"48":0,"49":0,"50":0,"51":0,"52":0,"53":0,"54":0,"55":0,"56":0,"57":0,"58":0,"59":0,"60":0,"61":0,"62":0,"63":0,"64":0,"65":0,"66":0,"67":0},"branchMap":{"0":{"type":"branch","line":1,"loc":{"start":{"line":1,"column":0},"end":{"line":68,"column":-32}},"locations":[{"start":{"line":1,"column":0},"end":{"line":68,"column":-32}}]}},"b":{"0":[0]},"fnMap":{"0":{"name":"(empty-report)","decl":{"start":{"line":1,"column":0},"end":{"line":68,"column":-32}},"loc":{"start":{"line":1,"column":0},"end":{"line":68,"column":-32}},"line":1}},"f":{"0":0}}
,"/home/prncss/Projects/github.com/prncss-xyz/composer/src/lib/update.ts": {"path":"/home/prncss/Projects/github.com/prncss-xyz/composer/src/lib/update.ts","all":true,"statementMap":{"0":{"start":{"line":1,"column":0},"end":{"line":1,"column":37}},"6":{"start":{"line":7,"column":0},"end":{"line":7,"column":36}},"7":{"start":{"line":8,"column":0},"end":{"line":8,"column":8}},"8":{"start":{"line":9,"column":0},"end":{"line":9,"column":12}},"9":{"start":{"line":10,"column":0},"end":{"line":10,"column":8}},"10":{"start":{"line":11,"column":0},"end":{"line":11,"column":11}},"11":{"start":{"line":12,"column":0},"end":{"line":12,"column":6}},"12":{"start":{"line":13,"column":0},"end":{"line":13,"column":23}},"13":{"start":{"line":14,"column":0},"end":{"line":14,"column":45}},"14":{"start":{"line":15,"column":0},"end":{"line":15,"column":21}},"15":{"start":{"line":16,"column":0},"end":{"line":16,"column":30}},"16":{"start":{"line":17,"column":0},"end":{"line":17,"column":3}},"17":{"start":{"line":18,"column":0},"end":{"line":18,"column":22}},"18":{"start":{"line":19,"column":0},"end":{"line":19,"column":21}},"19":{"start":{"line":20,"column":0},"end":{"line":20,"column":26}},"20":{"start":{"line":21,"column":0},"end":{"line":21,"column":34}},"21":{"start":{"line":22,"column":0},"end":{"line":22,"column":26}},"22":{"start":{"line":23,"column":0},"end":{"line":23,"column":4}},"23":{"start":{"line":24,"column":0},"end":{"line":24,"column":3}},"24":{"start":{"line":25,"column":0},"end":{"line":25,"column":31}},"25":{"start":{"line":26,"column":0},"end":{"line":26,"column":2}},"26":{"start":{"line":27,"column":0},"end":{"line":27,"column":1}},"28":{"start":{"line":29,"column":0},"end":{"line":29,"column":70}},"29":{"start":{"line":30,"column":0},"end":{"line":30,"column":67}},"30":{"start":{"line":31,"column":0},"end":{"line":31,"column":42}},"31":{"start":{"line":32,"column":0},"end":{"line":32,"column":27}},"32":{"start":{"line":33,"column":0},"end":{"line":33,"column":3}},"33":{"start":{"line":34,"column":0},"end":{"line":34,"column":2}},"34":{"start":{"line":35,"column":0},"end":{"line":35,"column":1}},"44":{"start":{"line":45,"column":0},"end":{"line":45,"column":71}},"45":{"start":{"line":46,"column":0},"end":{"line":46,"column":61}},"46":{"start":{"line":47,"column":0},"end":{"line":47,"column":16}},"47":{"start":{"line":48,"column":0},"end":{"line":48,"column":23}},"48":{"start":{"line":49,"column":0},"end":{"line":49,"column":23}},"49":{"start":{"line":50,"column":0},"end":{"line":50,"column":16}},"50":{"start":{"line":51,"column":0},"end":{"line":51,"column":3}},"51":{"start":{"line":52,"column":0},"end":{"line":52,"column":2}},"52":{"start":{"line":53,"column":0},"end":{"line":53,"column":1}}},"s":{"0":0,"6":0,"7":0,"8":0,"9":0,"10":0,"11":0,"12":0,"13":0,"14":0,"15":0,"16":0,"17":0,"18":0,"19":0,"20":0,"21":0,"22":0,"23":0,"24":0,"25":0,"26":0,"28":0,"29":0,"30":0,"31":0,"32":0,"33":0,"34":0,"44":0,"45":0,"46":0,"47":0,"48":0,"49":0,"50":0,"51":0,"52":0},"branchMap":{"0":{"type":"branch","line":1,"loc":{"start":{"line":1,"column":1187},"end":{"line":53,"column":1}},"locations":[{"start":{"line":1,"column":1187},"end":{"line":53,"column":1}}]}},"b":{"0":[0]},"fnMap":{"0":{"name":"(empty-report)","decl":{"start":{"line":1,"column":1187},"end":{"line":53,"column":1}},"loc":{"start":{"line":1,"column":1187},"end":{"line":53,"column":1}},"line":1}},"f":{"0":0}}
,"/home/prncss/Projects/github.com/prncss-xyz/composer/src/lib/utils.ts": {"path":"/home/prncss/Projects/github.com/prncss-xyz/composer/src/lib/utils.ts","all":false,"statementMap":{"0":{"start":{"line":1,"column":0},"end":{"line":1,"column":37}},"1":{"start":{"line":2,"column":0},"end":{"line":2,"column":39}},"4":{"start":{"line":5,"column":0},"end":{"line":5,"column":29}},"5":{"start":{"line":6,"column":0},"end":{"line":6,"column":9}},"6":{"start":{"line":7,"column":0},"end":{"line":7,"column":1}},"9":{"start":{"line":10,"column":0},"end":{"line":10,"column":47}},"10":{"start":{"line":11,"column":0},"end":{"line":11,"column":40}},"11":{"start":{"line":12,"column":0},"end":{"line":12,"column":1}},"13":{"start":{"line":14,"column":0},"end":{"line":14,"column":50}},"14":{"start":{"line":15,"column":0},"end":{"line":15,"column":38}},"15":{"start":{"line":16,"column":0},"end":{"line":16,"column":1}}},"s":{"0":1,"1":1,"4":1,"5":162,"6":162,"9":1,"10":1,"11":1,"13":1,"14":0,"15":0},"branchMap":{"0":{"type":"branch","line":5,"loc":{"start":{"line":5,"column":7},"end":{"line":7,"column":1}},"locations":[{"start":{"line":5,"column":7},"end":{"line":7,"column":1}}]},"1":{"type":"branch","line":10,"loc":{"start":{"line":10,"column":7},"end":{"line":12,"column":1}},"locations":[{"start":{"line":10,"column":7},"end":{"line":12,"column":1}}]},"2":{"type":"branch","line":11,"loc":{"start":{"line":11,"column":23},"end":{"line":11,"column":36}},"locations":[{"start":{"line":11,"column":23},"end":{"line":11,"column":36}}]}},"b":{"0":[162],"1":[1],"2":[0]},"fnMap":{"0":{"name":"id","decl":{"start":{"line":5,"column":7},"end":{"line":7,"column":1}},"loc":{"start":{"line":5,"column":7},"end":{"line":7,"column":1}},"line":5},"1":{"name":"fromInit","decl":{"start":{"line":10,"column":7},"end":{"line":12,"column":1}},"loc":{"start":{"line":10,"column":7},"end":{"line":12,"column":1}},"line":10},"2":{"name":"storeToOptic","decl":{"start":{"line":14,"column":7},"end":{"line":16,"column":1}},"loc":{"start":{"line":14,"column":7},"end":{"line":16,"column":1}},"line":14}},"f":{"0":162,"1":1,"2":0}}
,"/home/prncss/Projects/github.com/prncss-xyz/composer/src/lib/optics/core.ts": {"path":"/home/prncss/Projects/github.com/prncss-xyz/composer/src/lib/optics/core.ts","all":false,"statementMap":{"0":{"start":{"line":1,"column":0},"end":{"line":1,"column":38}},"1":{"start":{"line":2,"column":0},"end":{"line":2,"column":45}},"3":{"start":{"line":4,"column":0},"end":{"line":4,"column":42}},"4":{"start":{"line":5,"column":0},"end":{"line":5,"column":13}},"5":{"start":{"line":6,"column":0},"end":{"line":6,"column":1}},"7":{"start":{"line":8,"column":0},"end":{"line":8,"column":34}},"8":{"start":{"line":9,"column":0},"end":{"line":9,"column":23}},"9":{"start":{"line":10,"column":0},"end":{"line":10,"column":1}},"11":{"start":{"line":12,"column":0},"end":{"line":12,"column":36}},"12":{"start":{"line":13,"column":0},"end":{"line":13,"column":30}},"13":{"start":{"line":14,"column":0},"end":{"line":14,"column":19}},"14":{"start":{"line":15,"column":0},"end":{"line":15,"column":1}},"16":{"start":{"line":17,"column":0},"end":{"line":17,"column":38}},"17":{"start":{"line":18,"column":0},"end":{"line":18,"column":31}},"18":{"start":{"line":19,"column":0},"end":{"line":19,"column":20}},"19":{"start":{"line":20,"column":0},"end":{"line":20,"column":1}},"21":{"start":{"line":22,"column":0},"end":{"line":22,"column":42}},"22":{"start":{"line":23,"column":0},"end":{"line":23,"column":69}},"23":{"start":{"line":24,"column":0},"end":{"line":24,"column":1}},"25":{"start":{"line":26,"column":0},"end":{"line":26,"column":34}},"26":{"start":{"line":27,"column":0},"end":{"line":27,"column":9}},"27":{"start":{"line":28,"column":0},"end":{"line":28,"column":1}},"38":{"start":{"line":39,"column":0},"end":{"line":39,"column":33}},"39":{"start":{"line":40,"column":0},"end":{"line":40,"column":29}},"40":{"start":{"line":41,"column":0},"end":{"line":41,"column":29}},"41":{"start":{"line":42,"column":0},"end":{"line":42,"column":3}},"42":{"start":{"line":43,"column":0},"end":{"line":43,"column":43}},"43":{"start":{"line":44,"column":0},"end":{"line":44,"column":43}},"44":{"start":{"line":45,"column":0},"end":{"line":45,"column":51}},"45":{"start":{"line":46,"column":0},"end":{"line":46,"column":45}},"46":{"start":{"line":47,"column":0},"end":{"line":47,"column":1}},"48":{"start":{"line":49,"column":0},"end":{"line":49,"column":32}},"54":{"start":{"line":55,"column":0},"end":{"line":55,"column":45}},"55":{"start":{"line":56,"column":0},"end":{"line":56,"column":24}},"56":{"start":{"line":57,"column":0},"end":{"line":57,"column":32}},"57":{"start":{"line":58,"column":0},"end":{"line":58,"column":24}},"58":{"start":{"line":59,"column":0},"end":{"line":59,"column":30}},"59":{"start":{"line":60,"column":0},"end":{"line":60,"column":20}},"60":{"start":{"line":61,"column":0},"end":{"line":61,"column":2}},"61":{"start":{"line":62,"column":0},"end":{"line":62,"column":47}},"62":{"start":{"line":63,"column":0},"end":{"line":63,"column":38}},"63":{"start":{"line":64,"column":0},"end":{"line":64,"column":19}},"64":{"start":{"line":65,"column":0},"end":{"line":65,"column":28}},"65":{"start":{"line":66,"column":0},"end":{"line":66,"column":36}},"66":{"start":{"line":67,"column":0},"end":{"line":67,"column":22}},"67":{"start":{"line":68,"column":0},"end":{"line":68,"column":5}},"68":{"start":{"line":69,"column":0},"end":{"line":69,"column":62}},"69":{"start":{"line":70,"column":0},"end":{"line":70,"column":22}},"70":{"start":{"line":71,"column":0},"end":{"line":71,"column":28}},"71":{"start":{"line":72,"column":0},"end":{"line":72,"column":36}},"72":{"start":{"line":73,"column":0},"end":{"line":73,"column":41}},"73":{"start":{"line":74,"column":0},"end":{"line":74,"column":5}},"74":{"start":{"line":75,"column":0},"end":{"line":75,"column":26}},"75":{"start":{"line":76,"column":0},"end":{"line":76,"column":20}},"76":{"start":{"line":77,"column":0},"end":{"line":77,"column":28}},"77":{"start":{"line":78,"column":0},"end":{"line":78,"column":36}},"78":{"start":{"line":79,"column":0},"end":{"line":79,"column":39}},"79":{"start":{"line":80,"column":0},"end":{"line":80,"column":5}},"80":{"start":{"line":81,"column":0},"end":{"line":81,"column":4}},"81":{"start":{"line":82,"column":0},"end":{"line":82,"column":2}},"82":{"start":{"line":83,"column":0},"end":{"line":83,"column":13}},"83":{"start":{"line":84,"column":0},"end":{"line":84,"column":23}},"84":{"start":{"line":85,"column":0},"end":{"line":85,"column":2}},"85":{"start":{"line":86,"column":0},"end":{"line":86,"column":18}},"86":{"start":{"line":87,"column":0},"end":{"line":87,"column":26}},"87":{"start":{"line":88,"column":0},"end":{"line":88,"column":2}},"88":{"start":{"line":89,"column":0},"end":{"line":89,"column":22}},"89":{"start":{"line":90,"column":0},"end":{"line":90,"column":24}},"90":{"start":{"line":91,"column":0},"end":{"line":91,"column":2}},"91":{"start":{"line":92,"column":0},"end":{"line":92,"column":31}},"92":{"start":{"line":93,"column":0},"end":{"line":93,"column":26}},"93":{"start":{"line":94,"column":0},"end":{"line":94,"column":34}},"94":{"start":{"line":95,"column":0},"end":{"line":95,"column":29}},"95":{"start":{"line":96,"column":0},"end":{"line":96,"column":2}},"96":{"start":{"line":97,"column":0},"end":{"line":97,"column":43}},"97":{"start":{"line":98,"column":0},"end":{"line":98,"column":35}},"98":{"start":{"line":99,"column":0},"end":{"line":99,"column":49}},"99":{"start":{"line":100,"column":0},"end":{"line":100,"column":25}},"100":{"start":{"line":101,"column":0},"end":{"line":101,"column":2}},"101":{"start":{"line":102,"column":0},"end":{"line":102,"column":18}},"102":{"start":{"line":103,"column":0},"end":{"line":103,"column":12}},"103":{"start":{"line":104,"column":0},"end":{"line":104,"column":7}},"104":{"start":{"line":105,"column":0},"end":{"line":105,"column":5}},"107":{"start":{"line":108,"column":0},"end":{"line":108,"column":5}},"108":{"start":{"line":109,"column":0},"end":{"line":109,"column":20}},"109":{"start":{"line":110,"column":0},"end":{"line":110,"column":14}},"110":{"start":{"line":111,"column":0},"end":{"line":111,"column":23}},"111":{"start":{"line":112,"column":0},"end":{"line":112,"column":17}},"112":{"start":{"line":113,"column":0},"end":{"line":113,"column":13}},"113":{"start":{"line":114,"column":0},"end":{"line":114,"column":8}},"114":{"start":{"line":115,"column":0},"end":{"line":115,"column":4}},"115":{"start":{"line":116,"column":0},"end":{"line":116,"column":2}},"116":{"start":{"line":117,"column":0},"end":{"line":117,"column":1}},"118":{"start":{"line":119,"column":0},"end":{"line":119,"column":25}},"119":{"start":{"line":120,"column":0},"end":{"line":120,"column":60}},"120":{"start":{"line":121,"column":0},"end":{"line":121,"column":1}},"122":{"start":{"line":123,"column":0},"end":{"line":123,"column":47}},"123":{"start":{"line":124,"column":0},"end":{"line":124,"column":35}},"124":{"start":{"line":125,"column":0},"end":{"line":125,"column":21}},"125":{"start":{"line":126,"column":0},"end":{"line":126,"column":29}},"126":{"start":{"line":127,"column":0},"end":{"line":127,"column":3}},"127":{"start":{"line":128,"column":0},"end":{"line":128,"column":1}},"129":{"start":{"line":130,"column":0},"end":{"line":130,"column":28}},"130":{"start":{"line":131,"column":0},"end":{"line":131,"column":8}},"131":{"start":{"line":132,"column":0},"end":{"line":132,"column":8}},"132":{"start":{"line":133,"column":0},"end":{"line":133,"column":4}},"135":{"start":{"line":136,"column":0},"end":{"line":136,"column":4}},"136":{"start":{"line":137,"column":0},"end":{"line":137,"column":50}},"137":{"start":{"line":138,"column":0},"end":{"line":138,"column":34}},"138":{"start":{"line":139,"column":0},"end":{"line":139,"column":10}},"139":{"start":{"line":140,"column":0},"end":{"line":140,"column":23}},"140":{"start":{"line":141,"column":0},"end":{"line":141,"column":10}},"141":{"start":{"line":142,"column":0},"end":{"line":142,"column":22}},"142":{"start":{"line":143,"column":0},"end":{"line":143,"column":15}},"143":{"start":{"line":144,"column":0},"end":{"line":144,"column":4}},"144":{"start":{"line":145,"column":0},"end":{"line":145,"column":2}},"145":{"start":{"line":146,"column":0},"end":{"line":146,"column":1}},"147":{"start":{"line":148,"column":0},"end":{"line":148,"column":32}},"148":{"start":{"line":149,"column":0},"end":{"line":149,"column":8}},"149":{"start":{"line":150,"column":0},"end":{"line":150,"column":8}},"150":{"start":{"line":151,"column":0},"end":{"line":151,"column":4}},"153":{"start":{"line":154,"column":0},"end":{"line":154,"column":4}},"154":{"start":{"line":155,"column":0},"end":{"line":155,"column":50}},"155":{"start":{"line":156,"column":0},"end":{"line":156,"column":21}},"156":{"start":{"line":157,"column":0},"end":{"line":157,"column":10}},"157":{"start":{"line":158,"column":0},"end":{"line":158,"column":27}},"158":{"start":{"line":159,"column":0},"end":{"line":159,"column":10}},"159":{"start":{"line":160,"column":0},"end":{"line":160,"column":22}},"160":{"start":{"line":161,"column":0},"end":{"line":161,"column":15}},"161":{"start":{"line":162,"column":0},"end":{"line":162,"column":4}},"162":{"start":{"line":163,"column":0},"end":{"line":163,"column":2}},"163":{"start":{"line":164,"column":0},"end":{"line":164,"column":1}},"165":{"start":{"line":166,"column":0},"end":{"line":166,"column":33}},"166":{"start":{"line":167,"column":0},"end":{"line":167,"column":8}},"167":{"start":{"line":168,"column":0},"end":{"line":168,"column":8}},"168":{"start":{"line":169,"column":0},"end":{"line":169,"column":8}},"169":{"start":{"line":170,"column":0},"end":{"line":170,"column":4}},"173":{"start":{"line":174,"column":0},"end":{"line":174,"column":4}},"174":{"start":{"line":175,"column":0},"end":{"line":175,"column":50}},"175":{"start":{"line":176,"column":0},"end":{"line":176,"column":21}},"176":{"start":{"line":177,"column":0},"end":{"line":177,"column":10}},"177":{"start":{"line":178,"column":0},"end":{"line":178,"column":27}},"178":{"start":{"line":179,"column":0},"end":{"line":179,"column":10}},"179":{"start":{"line":180,"column":0},"end":{"line":180,"column":23}},"180":{"start":{"line":181,"column":0},"end":{"line":181,"column":29}},"181":{"start":{"line":182,"column":0},"end":{"line":182,"column":4}},"182":{"start":{"line":183,"column":0},"end":{"line":183,"column":2}},"183":{"start":{"line":184,"column":0},"end":{"line":184,"column":1}},"185":{"start":{"line":186,"column":0},"end":{"line":186,"column":67}},"186":{"start":{"line":187,"column":0},"end":{"line":187,"column":20}},"187":{"start":{"line":188,"column":0},"end":{"line":188,"column":9}},"188":{"start":{"line":189,"column":0},"end":{"line":189,"column":20}},"189":{"start":{"line":190,"column":0},"end":{"line":190,"column":3}},"190":{"start":{"line":191,"column":0},"end":{"line":191,"column":1}},"192":{"start":{"line":193,"column":0},"end":{"line":193,"column":33}},"193":{"start":{"line":194,"column":0},"end":{"line":194,"column":8}},"194":{"start":{"line":195,"column":0},"end":{"line":195,"column":4}},"196":{"start":{"line":197,"column":0},"end":{"line":197,"column":4}},"197":{"start":{"line":198,"column":0},"end":{"line":198,"column":24}},"198":{"start":{"line":199,"column":0},"end":{"line":199,"column":9}},"199":{"start":{"line":200,"column":0},"end":{"line":200,"column":20}},"200":{"start":{"line":201,"column":0},"end":{"line":201,"column":3}},"201":{"start":{"line":202,"column":0},"end":{"line":202,"column":1}}},"s":{"0":1,"1":1,"3":109,"4":109,"5":109,"7":19,"8":19,"9":19,"11":1,"12":0,"13":0,"14":0,"16":1,"17":0,"18":0,"19":0,"21":0,"22":0,"23":0,"25":0,"26":0,"27":0,"38":29,"39":29,"40":29,"41":29,"42":29,"43":9,"44":3,"45":0,"46":0,"48":1,"54":1,"55":55,"56":55,"57":55,"58":55,"59":55,"60":55,"61":1,"62":29,"63":29,"64":65,"65":65,"66":65,"67":65,"68":29,"69":29,"70":42,"71":42,"72":42,"73":42,"74":29,"75":29,"76":11,"77":11,"78":11,"79":11,"80":29,"81":29,"82":1,"83":40,"84":40,"85":1,"86":31,"87":31,"88":1,"89":12,"90":12,"91":1,"92":10,"93":10,"94":6,"95":10,"96":1,"97":0,"98":0,"99":0,"100":0,"101":1,"102":26,"103":26,"104":26,"107":26,"108":26,"109":26,"110":26,"111":26,"112":26,"113":26,"114":26,"115":26,"116":1,"118":1,"119":25,"120":25,"122":1,"123":1,"124":1,"125":1,"126":1,"127":1,"129":1,"130":14,"131":14,"132":14,"135":14,"136":14,"137":14,"138":14,"139":14,"140":14,"141":14,"142":14,"143":14,"144":14,"145":14,"147":1,"148":3,"149":3,"150":3,"153":3,"154":3,"155":3,"156":3,"157":3,"158":3,"159":3,"160":3,"161":3,"162":3,"163":3,"165":1,"166":12,"167":12,"168":12,"169":12,"173":12,"174":12,"175":12,"176":12,"177":12,"178":12,"179":12,"180":12,"181":12,"182":12,"183":12,"185":1,"186":0,"187":0,"188":0,"189":0,"190":0,"192":1,"193":0,"194":0,"196":0,"197":0,"198":0,"199":0,"200":0,"201":0},"branchMap":{"0":{"type":"branch","line":4,"loc":{"start":{"line":4,"column":0},"end":{"line":6,"column":1}},"locations":[{"start":{"line":4,"column":0},"end":{"line":6,"column":1}}]},"1":{"type":"branch","line":8,"loc":{"start":{"line":8,"column":0},"end":{"line":10,"column":1}},"locations":[{"start":{"line":8,"column":0},"end":{"line":10,"column":1}}]},"2":{"type":"branch","line":39,"loc":{"start":{"line":39,"column":0},"end":{"line":47,"column":1}},"locations":[{"start":{"line":39,"column":0},"end":{"line":47,"column":1}}]},"3":{"type":"branch","line":43,"loc":{"start":{"line":43,"column":21},"end":{"line":43,"column":43}},"locations":[{"start":{"line":43,"column":21},"end":{"line":43,"column":43}}]},"4":{"type":"branch","line":43,"loc":{"start":{"line":43,"column":28},"end":{"line":47,"column":1}},"locations":[{"start":{"line":43,"column":28},"end":{"line":47,"column":1}}]},"5":{"type":"branch","line":43,"loc":{"start":{"line":43,"column":28},"end":{"line":44,"column":28}},"locations":[{"start":{"line":43,"column":28},"end":{"line":44,"column":28}}]},"6":{"type":"branch","line":44,"loc":{"start":{"line":44,"column":21},"end":{"line":44,"column":43}},"locations":[{"start":{"line":44,"column":21},"end":{"line":44,"column":43}}]},"7":{"type":"branch","line":44,"loc":{"start":{"line":44,"column":28},"end":{"line":45,"column":51}},"locations":[{"start":{"line":44,"column":28},"end":{"line":45,"column":51}}]},"8":{"type":"branch","line":45,"loc":{"start":{"line":45,"column":36},"end":{"line":47,"column":1}},"locations":[{"start":{"line":45,"column":36},"end":{"line":47,"column":1}}]},"9":{"type":"branch","line":55,"loc":{"start":{"line":55,"column":9},"end":{"line":61,"column":2}},"locations":[{"start":{"line":55,"column":9},"end":{"line":61,"column":2}}]},"10":{"type":"branch","line":62,"loc":{"start":{"line":62,"column":1},"end":{"line":82,"column":2}},"locations":[{"start":{"line":62,"column":1},"end":{"line":82,"column":2}}]},"11":{"type":"branch","line":64,"loc":{"start":{"line":64,"column":11},"end":{"line":68,"column":5}},"locations":[{"start":{"line":64,"column":11},"end":{"line":68,"column":5}}]},"12":{"type":"branch","line":66,"loc":{"start":{"line":66,"column":28},"end":{"line":66,"column":36}},"locations":[{"start":{"line":66,"column":28},"end":{"line":66,"column":36}}]},"13":{"type":"branch","line":70,"loc":{"start":{"line":70,"column":11},"end":{"line":74,"column":5}},"locations":[{"start":{"line":70,"column":11},"end":{"line":74,"column":5}}]},"14":{"type":"branch","line":72,"loc":{"start":{"line":72,"column":28},"end":{"line":72,"column":36}},"locations":[{"start":{"line":72,"column":28},"end":{"line":72,"column":36}}]},"15":{"type":"branch","line":76,"loc":{"start":{"line":76,"column":9},"end":{"line":80,"column":5}},"locations":[{"start":{"line":76,"column":9},"end":{"line":80,"column":5}}]},"16":{"type":"branch","line":78,"loc":{"start":{"line":78,"column":28},"end":{"line":78,"column":36}},"locations":[{"start":{"line":78,"column":28},"end":{"line":78,"column":36}}]},"17":{"type":"branch","line":83,"loc":{"start":{"line":83,"column":1},"end":{"line":85,"column":2}},"locations":[{"start":{"line":83,"column":1},"end":{"line":85,"column":2}}]},"18":{"type":"branch","line":86,"loc":{"start":{"line":86,"column":1},"end":{"line":88,"column":2}},"locations":[{"start":{"line":86,"column":1},"end":{"line":88,"column":2}}]},"19":{"type":"branch","line":89,"loc":{"start":{"line":89,"column":1},"end":{"line":91,"column":2}},"locations":[{"start":{"line":89,"column":1},"end":{"line":91,"column":2}}]},"20":{"type":"branch","line":92,"loc":{"start":{"line":92,"column":1},"end":{"line":96,"column":2}},"locations":[{"start":{"line":92,"column":1},"end":{"line":96,"column":2}}]},"21":{"type":"branch","line":94,"loc":{"start":{"line":94,"column":26},"end":{"line":95,"column":29}},"locations":[{"start":{"line":94,"column":26},"end":{"line":95,"column":29}}]},"22":{"type":"branch","line":94,"loc":{"start":{"line":94,"column":26},"end":{"line":94,"column":34}},"locations":[{"start":{"line":94,"column":26},"end":{"line":94,"column":34}}]},"23":{"type":"branch","line":94,"loc":{"start":{"line":94,"column":33},"end":{"line":95,"column":29}},"locations":[{"start":{"line":94,"column":33},"end":{"line":95,"column":29}}]},"24":{"type":"branch","line":102,"loc":{"start":{"line":102,"column":8},"end":{"line":116,"column":2}},"locations":[{"start":{"line":102,"column":8},"end":{"line":116,"column":2}}]},"25":{"type":"branch","line":119,"loc":{"start":{"line":119,"column":7},"end":{"line":121,"column":1}},"locations":[{"start":{"line":119,"column":7},"end":{"line":121,"column":1}}]},"26":{"type":"branch","line":123,"loc":{"start":{"line":123,"column":7},"end":{"line":128,"column":1}},"locations":[{"start":{"line":123,"column":7},"end":{"line":128,"column":1}}]},"27":{"type":"branch","line":126,"loc":{"start":{"line":126,"column":8},"end":{"line":126,"column":29}},"locations":[{"start":{"line":126,"column":8},"end":{"line":126,"column":29}}]},"28":{"type":"branch","line":130,"loc":{"start":{"line":130,"column":7},"end":{"line":146,"column":1}},"locations":[{"start":{"line":130,"column":7},"end":{"line":146,"column":1}}]},"29":{"type":"branch","line":137,"loc":{"start":{"line":137,"column":8},"end":{"line":145,"column":2}},"locations":[{"start":{"line":137,"column":8},"end":{"line":145,"column":2}}]},"30":{"type":"branch","line":148,"loc":{"start":{"line":148,"column":7},"end":{"line":164,"column":1}},"locations":[{"start":{"line":148,"column":7},"end":{"line":164,"column":1}}]},"31":{"type":"branch","line":155,"loc":{"start":{"line":155,"column":8},"end":{"line":163,"column":2}},"locations":[{"start":{"line":155,"column":8},"end":{"line":163,"column":2}}]},"32":{"type":"branch","line":166,"loc":{"start":{"line":166,"column":7},"end":{"line":184,"column":1}},"locations":[{"start":{"line":166,"column":7},"end":{"line":184,"column":1}}]},"33":{"type":"branch","line":175,"loc":{"start":{"line":175,"column":8},"end":{"line":183,"column":2}},"locations":[{"start":{"line":175,"column":8},"end":{"line":183,"column":2}}]},"34":{"type":"branch","line":181,"loc":{"start":{"line":181,"column":9},"end":{"line":181,"column":29}},"locations":[{"start":{"line":181,"column":9},"end":{"line":181,"column":29}}]}},"b":{"0":[109],"1":[19],"2":[29],"3":[26],"4":[9],"5":[3],"6":[0],"7":[3],"8":[0],"9":[55],"10":[29],"11":[65],"12":[0],"13":[42],"14":[0],"15":[11],"16":[0],"17":[40],"18":[31],"19":[12],"20":[10],"21":[7],"22":[4],"23":[6],"24":[26],"25":[25],"26":[1],"27":[1],"28":[14],"29":[14],"30":[3],"31":[3],"32":[12],"33":[12],"34":[11]},"fnMap":{"0":{"name":"isNever","decl":{"start":{"line":4,"column":0},"end":{"line":6,"column":1}},"loc":{"start":{"line":4,"column":0},"end":{"line":6,"column":1}},"line":4},"1":{"name":"isUndefined","decl":{"start":{"line":8,"column":0},"end":{"line":10,"column":1}},"loc":{"start":{"line":8,"column":0},"end":{"line":10,"column":1}},"line":8},"2":{"name":"isReset","decl":{"start":{"line":13,"column":0},"end":{"line":15,"column":1}},"loc":{"start":{"line":13,"column":0},"end":{"line":15,"column":1}},"line":13},"3":{"name":"isRemove","decl":{"start":{"line":18,"column":0},"end":{"line":20,"column":1}},"loc":{"start":{"line":18,"column":0},"end":{"line":20,"column":1}},"line":18},"4":{"name":"forbidden","decl":{"start":{"line":22,"column":0},"end":{"line":24,"column":1}},"loc":{"start":{"line":22,"column":0},"end":{"line":24,"column":1}},"line":22},"5":{"name":"inert","decl":{"start":{"line":26,"column":0},"end":{"line":28,"column":1}},"loc":{"start":{"line":26,"column":0},"end":{"line":28,"column":1}},"line":26},"6":{"name":"composeFaillure","decl":{"start":{"line":39,"column":0},"end":{"line":47,"column":1}},"loc":{"start":{"line":39,"column":0},"end":{"line":47,"column":1}},"line":39},"7":{"name":"Optic","decl":{"start":{"line":55,"column":9},"end":{"line":61,"column":2}},"loc":{"start":{"line":55,"column":9},"end":{"line":61,"column":2}},"line":55},"8":{"name":"_compose","decl":{"start":{"line":62,"column":1},"end":{"line":82,"column":2}},"loc":{"start":{"line":62,"column":1},"end":{"line":82,"column":2}},"line":62},"9":{"name":"select","decl":{"start":{"line":64,"column":11},"end":{"line":68,"column":5}},"loc":{"start":{"line":64,"column":11},"end":{"line":68,"column":5}},"line":64},"10":{"name":"reduce","decl":{"start":{"line":70,"column":11},"end":{"line":74,"column":5}},"loc":{"start":{"line":70,"column":11},"end":{"line":74,"column":5}},"line":70},"11":{"name":"exec","decl":{"start":{"line":76,"column":9},"end":{"line":80,"column":5}},"loc":{"start":{"line":76,"column":9},"end":{"line":80,"column":5}},"line":76},"12":{"name":"view","decl":{"start":{"line":83,"column":1},"end":{"line":85,"column":2}},"loc":{"start":{"line":83,"column":1},"end":{"line":85,"column":2}},"line":83},"13":{"name":"put","decl":{"start":{"line":86,"column":1},"end":{"line":88,"column":2}},"loc":{"start":{"line":86,"column":1},"end":{"line":88,"column":2}},"line":86},"14":{"name":"command","decl":{"start":{"line":89,"column":1},"end":{"line":91,"column":2}},"loc":{"start":{"line":89,"column":1},"end":{"line":91,"column":2}},"line":89},"15":{"name":"modify","decl":{"start":{"line":92,"column":1},"end":{"line":96,"column":2}},"loc":{"start":{"line":92,"column":1},"end":{"line":96,"column":2}},"line":92},"16":{"name":"update","decl":{"start":{"line":97,"column":1},"end":{"line":101,"column":2}},"loc":{"start":{"line":97,"column":1},"end":{"line":101,"column":2}},"line":97},"17":{"name":"eq","decl":{"start":{"line":102,"column":8},"end":{"line":116,"column":2}},"loc":{"start":{"line":102,"column":8},"end":{"line":116,"column":2}},"line":102},"18":{"name":"eq","decl":{"start":{"line":119,"column":7},"end":{"line":121,"column":1}},"loc":{"start":{"line":119,"column":7},"end":{"line":121,"column":1}},"line":119},"19":{"name":"eqWithReset","decl":{"start":{"line":123,"column":7},"end":{"line":128,"column":1}},"loc":{"start":{"line":123,"column":7},"end":{"line":128,"column":1}},"line":123},"20":{"name":"exec","decl":{"start":{"line":126,"column":8},"end":{"line":126,"column":29}},"loc":{"start":{"line":126,"column":8},"end":{"line":126,"column":29}},"line":126},"21":{"name":"lens","decl":{"start":{"line":130,"column":7},"end":{"line":146,"column":1}},"loc":{"start":{"line":130,"column":7},"end":{"line":146,"column":1}},"line":130},"22":{"name":"optional","decl":{"start":{"line":148,"column":7},"end":{"line":164,"column":1}},"loc":{"start":{"line":148,"column":7},"end":{"line":164,"column":1}},"line":148},"23":{"name":"removable","decl":{"start":{"line":166,"column":7},"end":{"line":184,"column":1}},"loc":{"start":{"line":166,"column":7},"end":{"line":184,"column":1}},"line":166},"24":{"name":"exec","decl":{"start":{"line":181,"column":9},"end":{"line":181,"column":29}},"loc":{"start":{"line":181,"column":9},"end":{"line":181,"column":29}},"line":181},"25":{"name":"getter","decl":{"start":{"line":186,"column":7},"end":{"line":191,"column":1}},"loc":{"start":{"line":186,"column":7},"end":{"line":191,"column":1}},"line":186},"26":{"name":"getterOpt","decl":{"start":{"line":193,"column":7},"end":{"line":202,"column":1}},"loc":{"start":{"line":193,"column":7},"end":{"line":202,"column":1}},"line":193}},"f":{"0":109,"1":19,"2":0,"3":0,"4":0,"5":0,"6":29,"7":55,"8":29,"9":65,"10":42,"11":11,"12":40,"13":31,"14":12,"15":10,"16":0,"17":26,"18":25,"19":1,"20":1,"21":14,"22":3,"23":12,"24":11,"25":0,"26":0}}
,"/home/prncss/Projects/github.com/prncss-xyz/composer/src/lib/optics/index.ts": {"path":"/home/prncss/Projects/github.com/prncss-xyz/composer/src/lib/optics/index.ts","all":false,"statementMap":{"0":{"start":{"line":1,"column":0},"end":{"line":1,"column":29}},"9":{"start":{"line":10,"column":0},"end":{"line":10,"column":15}},"15":{"start":{"line":16,"column":0},"end":{"line":16,"column":47}},"16":{"start":{"line":17,"column":0},"end":{"line":17,"column":22}},"17":{"start":{"line":18,"column":0},"end":{"line":18,"column":9}},"18":{"start":{"line":19,"column":0},"end":{"line":19,"column":3}},"19":{"start":{"line":20,"column":0},"end":{"line":20,"column":1}},"22":{"start":{"line":23,"column":0},"end":{"line":23,"column":38}},"23":{"start":{"line":24,"column":0},"end":{"line":24,"column":20}},"24":{"start":{"line":25,"column":0},"end":{"line":25,"column":18}},"25":{"start":{"line":26,"column":0},"end":{"line":26,"column":37}},"26":{"start":{"line":27,"column":0},"end":{"line":27,"column":11}},"27":{"start":{"line":28,"column":0},"end":{"line":28,"column":4}},"28":{"start":{"line":29,"column":0},"end":{"line":29,"column":21}},"29":{"start":{"line":30,"column":0},"end":{"line":30,"column":40}},"30":{"start":{"line":31,"column":0},"end":{"line":31,"column":11}},"31":{"start":{"line":32,"column":0},"end":{"line":32,"column":4}},"32":{"start":{"line":33,"column":0},"end":{"line":33,"column":3}},"33":{"start":{"line":34,"column":0},"end":{"line":34,"column":1}},"35":{"start":{"line":36,"column":0},"end":{"line":36,"column":43}},"36":{"start":{"line":37,"column":0},"end":{"line":37,"column":20}},"37":{"start":{"line":38,"column":0},"end":{"line":38,"column":12}},"39":{"start":{"line":40,"column":0},"end":{"line":40,"column":13}},"41":{"start":{"line":42,"column":0},"end":{"line":42,"column":3}},"42":{"start":{"line":43,"column":0},"end":{"line":43,"column":1}},"44":{"start":{"line":45,"column":0},"end":{"line":45,"column":56}},"45":{"start":{"line":46,"column":0},"end":{"line":46,"column":20}},"46":{"start":{"line":47,"column":0},"end":{"line":47,"column":13}},"47":{"start":{"line":48,"column":0},"end":{"line":48,"column":12}},"48":{"start":{"line":49,"column":0},"end":{"line":49,"column":3}},"49":{"start":{"line":50,"column":0},"end":{"line":50,"column":1}},"51":{"start":{"line":52,"column":0},"end":{"line":52,"column":74}},"52":{"start":{"line":53,"column":0},"end":{"line":53,"column":36}},"53":{"start":{"line":54,"column":0},"end":{"line":54,"column":39}},"54":{"start":{"line":55,"column":0},"end":{"line":55,"column":13}},"55":{"start":{"line":56,"column":0},"end":{"line":56,"column":3}},"56":{"start":{"line":57,"column":0},"end":{"line":57,"column":1}},"58":{"start":{"line":59,"column":0},"end":{"line":59,"column":30}},"59":{"start":{"line":60,"column":0},"end":{"line":60,"column":14}},"60":{"start":{"line":61,"column":0},"end":{"line":61,"column":57}},"61":{"start":{"line":62,"column":0},"end":{"line":62,"column":50}},"62":{"start":{"line":63,"column":0},"end":{"line":63,"column":22}},"63":{"start":{"line":64,"column":0},"end":{"line":64,"column":42}},"64":{"start":{"line":65,"column":0},"end":{"line":65,"column":22}},"65":{"start":{"line":66,"column":0},"end":{"line":66,"column":4}},"66":{"start":{"line":67,"column":0},"end":{"line":67,"column":13}},"67":{"start":{"line":68,"column":0},"end":{"line":68,"column":4}},"68":{"start":{"line":69,"column":0},"end":{"line":69,"column":3}},"69":{"start":{"line":70,"column":0},"end":{"line":70,"column":1}},"71":{"start":{"line":72,"column":0},"end":{"line":72,"column":40}},"72":{"start":{"line":73,"column":0},"end":{"line":73,"column":32}},"73":{"start":{"line":74,"column":0},"end":{"line":74,"column":40}},"74":{"start":{"line":75,"column":0},"end":{"line":75,"column":19}},"75":{"start":{"line":76,"column":0},"end":{"line":76,"column":28}},"76":{"start":{"line":77,"column":0},"end":{"line":77,"column":4}},"77":{"start":{"line":78,"column":0},"end":{"line":78,"column":3}},"78":{"start":{"line":79,"column":0},"end":{"line":79,"column":1}},"80":{"start":{"line":81,"column":0},"end":{"line":81,"column":42}},"81":{"start":{"line":82,"column":0},"end":{"line":82,"column":30}},"82":{"start":{"line":83,"column":0},"end":{"line":83,"column":27}},"83":{"start":{"line":84,"column":0},"end":{"line":84,"column":29}},"84":{"start":{"line":85,"column":0},"end":{"line":85,"column":3}},"85":{"start":{"line":86,"column":0},"end":{"line":86,"column":1}},"89":{"start":{"line":90,"column":0},"end":{"line":90,"column":73}},"90":{"start":{"line":91,"column":0},"end":{"line":91,"column":14}},"91":{"start":{"line":92,"column":0},"end":{"line":92,"column":3}},"92":{"start":{"line":93,"column":0},"end":{"line":93,"column":27}},"93":{"start":{"line":94,"column":0},"end":{"line":94,"column":26}},"94":{"start":{"line":95,"column":0},"end":{"line":95,"column":42}},"95":{"start":{"line":96,"column":0},"end":{"line":96,"column":3}},"96":{"start":{"line":97,"column":0},"end":{"line":97,"column":1}},"104":{"start":{"line":105,"column":0},"end":{"line":105,"column":49}},"105":{"start":{"line":106,"column":0},"end":{"line":106,"column":14}},"106":{"start":{"line":107,"column":0},"end":{"line":107,"column":36}},"107":{"start":{"line":108,"column":0},"end":{"line":108,"column":33}},"108":{"start":{"line":109,"column":0},"end":{"line":109,"column":16}},"109":{"start":{"line":110,"column":0},"end":{"line":110,"column":12}},"110":{"start":{"line":111,"column":0},"end":{"line":111,"column":12}},"111":{"start":{"line":112,"column":0},"end":{"line":112,"column":12}},"112":{"start":{"line":113,"column":0},"end":{"line":113,"column":36}},"113":{"start":{"line":114,"column":0},"end":{"line":114,"column":19}},"114":{"start":{"line":115,"column":0},"end":{"line":115,"column":15}},"115":{"start":{"line":116,"column":0},"end":{"line":116,"column":25}},"116":{"start":{"line":117,"column":0},"end":{"line":117,"column":23}},"117":{"start":{"line":118,"column":0},"end":{"line":118,"column":6}},"118":{"start":{"line":119,"column":0},"end":{"line":119,"column":12}},"119":{"start":{"line":120,"column":0},"end":{"line":120,"column":16}},"120":{"start":{"line":121,"column":0},"end":{"line":121,"column":5}},"121":{"start":{"line":122,"column":0},"end":{"line":122,"column":4}},"122":{"start":{"line":123,"column":0},"end":{"line":123,"column":36}},"123":{"start":{"line":124,"column":0},"end":{"line":124,"column":19}},"124":{"start":{"line":125,"column":0},"end":{"line":125,"column":4}},"125":{"start":{"line":126,"column":0},"end":{"line":126,"column":12}},"126":{"start":{"line":127,"column":0},"end":{"line":127,"column":4}},"127":{"start":{"line":128,"column":0},"end":{"line":128,"column":3}},"128":{"start":{"line":129,"column":0},"end":{"line":129,"column":1}},"131":{"start":{"line":132,"column":0},"end":{"line":132,"column":35}},"132":{"start":{"line":133,"column":0},"end":{"line":133,"column":28}},"133":{"start":{"line":134,"column":0},"end":{"line":134,"column":33}},"134":{"start":{"line":135,"column":0},"end":{"line":135,"column":22}},"135":{"start":{"line":136,"column":0},"end":{"line":136,"column":38}},"136":{"start":{"line":137,"column":0},"end":{"line":137,"column":27}},"137":{"start":{"line":138,"column":0},"end":{"line":138,"column":37}},"138":{"start":{"line":139,"column":0},"end":{"line":139,"column":4}},"139":{"start":{"line":140,"column":0},"end":{"line":140,"column":3}},"140":{"start":{"line":141,"column":0},"end":{"line":141,"column":1}},"150":{"start":{"line":151,"column":0},"end":{"line":151,"column":47}},"151":{"start":{"line":152,"column":0},"end":{"line":152,"column":24}},"152":{"start":{"line":153,"column":0},"end":{"line":153,"column":40}},"153":{"start":{"line":154,"column":0},"end":{"line":154,"column":13}},"154":{"start":{"line":155,"column":0},"end":{"line":155,"column":3}},"155":{"start":{"line":156,"column":0},"end":{"line":156,"column":1}},"157":{"start":{"line":158,"column":0},"end":{"line":158,"column":28}},"158":{"start":{"line":159,"column":0},"end":{"line":159,"column":18}},"159":{"start":{"line":160,"column":0},"end":{"line":160,"column":26}},"160":{"start":{"line":161,"column":0},"end":{"line":161,"column":24}},"161":{"start":{"line":162,"column":0},"end":{"line":162,"column":35}},"162":{"start":{"line":163,"column":0},"end":{"line":163,"column":13}},"163":{"start":{"line":164,"column":0},"end":{"line":164,"column":4}},"164":{"start":{"line":165,"column":0},"end":{"line":165,"column":27}},"165":{"start":{"line":166,"column":0},"end":{"line":166,"column":3}},"166":{"start":{"line":167,"column":0},"end":{"line":167,"column":1}},"168":{"start":{"line":169,"column":0},"end":{"line":169,"column":62}},"169":{"start":{"line":170,"column":0},"end":{"line":170,"column":25}},"170":{"start":{"line":171,"column":0},"end":{"line":171,"column":9}},"171":{"start":{"line":172,"column":0},"end":{"line":172,"column":3}},"172":{"start":{"line":173,"column":0},"end":{"line":173,"column":1}},"190":{"start":{"line":191,"column":0},"end":{"line":191,"column":56}},"191":{"start":{"line":192,"column":0},"end":{"line":192,"column":50}},"192":{"start":{"line":193,"column":0},"end":{"line":193,"column":54}},"193":{"start":{"line":194,"column":0},"end":{"line":194,"column":41}},"194":{"start":{"line":195,"column":0},"end":{"line":195,"column":18}},"195":{"start":{"line":196,"column":0},"end":{"line":196,"column":23}},"196":{"start":{"line":197,"column":0},"end":{"line":197,"column":18}},"197":{"start":{"line":198,"column":0},"end":{"line":198,"column":13}},"198":{"start":{"line":199,"column":0},"end":{"line":199,"column":4}},"199":{"start":{"line":200,"column":0},"end":{"line":200,"column":3}},"200":{"start":{"line":201,"column":0},"end":{"line":201,"column":1}},"202":{"start":{"line":203,"column":0},"end":{"line":203,"column":34}},"203":{"start":{"line":204,"column":0},"end":{"line":204,"column":27}},"204":{"start":{"line":205,"column":0},"end":{"line":205,"column":27}},"205":{"start":{"line":206,"column":0},"end":{"line":206,"column":61}},"206":{"start":{"line":207,"column":0},"end":{"line":207,"column":34}},"207":{"start":{"line":208,"column":0},"end":{"line":208,"column":3}},"208":{"start":{"line":209,"column":0},"end":{"line":209,"column":1}},"210":{"start":{"line":211,"column":0},"end":{"line":211,"column":47}},"211":{"start":{"line":212,"column":0},"end":{"line":212,"column":19}},"212":{"start":{"line":213,"column":0},"end":{"line":213,"column":34}},"213":{"start":{"line":214,"column":0},"end":{"line":214,"column":30}},"214":{"start":{"line":215,"column":0},"end":{"line":215,"column":28}},"215":{"start":{"line":216,"column":0},"end":{"line":216,"column":31}},"216":{"start":{"line":217,"column":0},"end":{"line":217,"column":15}},"217":{"start":{"line":218,"column":0},"end":{"line":218,"column":12}},"218":{"start":{"line":219,"column":0},"end":{"line":219,"column":12}},"219":{"start":{"line":220,"column":0},"end":{"line":220,"column":4}},"220":{"start":{"line":221,"column":0},"end":{"line":221,"column":24}},"221":{"start":{"line":222,"column":0},"end":{"line":222,"column":28}},"222":{"start":{"line":223,"column":0},"end":{"line":223,"column":23}},"223":{"start":{"line":224,"column":0},"end":{"line":224,"column":27}},"224":{"start":{"line":225,"column":0},"end":{"line":225,"column":29}},"225":{"start":{"line":226,"column":0},"end":{"line":226,"column":11}},"226":{"start":{"line":227,"column":0},"end":{"line":227,"column":4}},"227":{"start":{"line":228,"column":0},"end":{"line":228,"column":3}},"228":{"start":{"line":229,"column":0},"end":{"line":229,"column":1}},"230":{"start":{"line":231,"column":0},"end":{"line":231,"column":27}},"231":{"start":{"line":232,"column":0},"end":{"line":232,"column":29}},"232":{"start":{"line":233,"column":0},"end":{"line":233,"column":62}},"233":{"start":{"line":234,"column":0},"end":{"line":234,"column":68}},"234":{"start":{"line":235,"column":0},"end":{"line":235,"column":60}},"235":{"start":{"line":236,"column":0},"end":{"line":236,"column":3}},"236":{"start":{"line":237,"column":0},"end":{"line":237,"column":1}},"240":{"start":{"line":241,"column":0},"end":{"line":241,"column":27}},"241":{"start":{"line":242,"column":0},"end":{"line":242,"column":27}},"242":{"start":{"line":243,"column":0},"end":{"line":243,"column":27}},"243":{"start":{"line":244,"column":0},"end":{"line":244,"column":32}},"244":{"start":{"line":245,"column":0},"end":{"line":245,"column":30}},"245":{"start":{"line":246,"column":0},"end":{"line":246,"column":3}},"246":{"start":{"line":247,"column":0},"end":{"line":247,"column":1}},"250":{"start":{"line":251,"column":0},"end":{"line":251,"column":27}},"251":{"start":{"line":252,"column":0},"end":{"line":252,"column":27}},"252":{"start":{"line":253,"column":0},"end":{"line":253,"column":28}},"253":{"start":{"line":254,"column":0},"end":{"line":254,"column":32}},"254":{"start":{"line":255,"column":0},"end":{"line":255,"column":34}},"255":{"start":{"line":256,"column":0},"end":{"line":256,"column":3}},"256":{"start":{"line":257,"column":0},"end":{"line":257,"column":1}}},"s":{"0":1,"9":1,"15":1,"16":0,"17":0,"18":0,"19":0,"22":1,"23":0,"24":0,"25":0,"26":0,"27":0,"28":0,"29":0,"30":0,"31":0,"32":0,"33":0,"35":1,"36":1,"37":1,"39":1,"41":1,"42":1,"44":1,"45":3,"46":3,"47":3,"48":3,"49":3,"51":1,"52":1,"53":2,"54":1,"55":1,"56":1,"58":1,"59":1,"60":1,"61":1,"62":1,"63":1,"64":2,"65":2,"66":1,"67":1,"68":1,"69":1,"71":1,"72":1,"73":1,"74":1,"75":1,"76":1,"77":1,"78":1,"80":1,"81":1,"82":1,"83":1,"84":1,"85":1,"89":1,"90":1,"91":1,"92":1,"93":1,"94":1,"95":1,"96":1,"104":1,"105":5,"106":5,"107":5,"108":3,"109":3,"110":3,"111":3,"112":3,"113":13,"114":13,"115":8,"116":7,"117":7,"118":13,"119":5,"120":5,"121":13,"122":3,"123":2,"124":2,"125":3,"126":3,"127":5,"128":5,"131":1,"132":1,"133":1,"134":1,"135":4,"136":4,"137":1,"138":4,"139":1,"140":1,"150":1,"151":2,"152":2,"153":2,"154":2,"155":2,"157":1,"158":1,"159":1,"160":2,"161":2,"162":1,"163":2,"164":1,"165":1,"166":1,"168":1,"169":0,"170":0,"171":0,"172":0,"190":1,"191":7,"192":7,"193":7,"194":7,"195":2,"196":2,"197":2,"198":2,"199":7,"200":7,"202":1,"203":1,"204":1,"205":1,"206":1,"207":1,"208":1,"210":1,"211":1,"212":1,"213":1,"214":1,"215":1,"216":1,"217":1,"218":1,"219":1,"220":1,"221":2,"222":2,"223":1,"224":1,"225":1,"226":2,"227":1,"228":1,"230":1,"231":1,"232":1,"233":1,"234":1,"235":1,"236":1,"240":1,"241":1,"242":1,"243":1,"244":1,"245":1,"246":1,"250":1,"251":1,"252":1,"253":1,"254":1,"255":1,"256":1},"branchMap":{"0":{"type":"branch","line":36,"loc":{"start":{"line":36,"column":7},"end":{"line":43,"column":1}},"locations":[{"start":{"line":36,"column":7},"end":{"line":43,"column":1}}]},"1":{"type":"branch","line":45,"loc":{"start":{"line":45,"column":7},"end":{"line":50,"column":1}},"locations":[{"start":{"line":45,"column":7},"end":{"line":50,"column":1}}]},"2":{"type":"branch","line":52,"loc":{"start":{"line":52,"column":7},"end":{"line":57,"column":1}},"locations":[{"start":{"line":52,"column":7},"end":{"line":57,"column":1}}]},"3":{"type":"branch","line":53,"loc":{"start":{"line":53,"column":19},"end":{"line":56,"column":2}},"locations":[{"start":{"line":53,"column":19},"end":{"line":56,"column":2}}]},"4":{"type":"branch","line":54,"loc":{"start":{"line":54,"column":28},"end":{"line":55,"column":13}},"locations":[{"start":{"line":54,"column":28},"end":{"line":55,"column":13}}]},"5":{"type":"branch","line":59,"loc":{"start":{"line":59,"column":7},"end":{"line":70,"column":1}},"locations":[{"start":{"line":59,"column":7},"end":{"line":70,"column":1}}]},"6":{"type":"branch","line":61,"loc":{"start":{"line":61,"column":10},"end":{"line":61,"column":57}},"locations":[{"start":{"line":61,"column":10},"end":{"line":61,"column":57}}]},"7":{"type":"branch","line":61,"loc":{"start":{"line":61,"column":30},"end":{"line":61,"column":55}},"locations":[{"start":{"line":61,"column":30},"end":{"line":61,"column":55}}]},"8":{"type":"branch","line":62,"loc":{"start":{"line":62,"column":10},"end":{"line":68,"column":4}},"locations":[{"start":{"line":62,"column":10},"end":{"line":68,"column":4}}]},"9":{"type":"branch","line":64,"loc":{"start":{"line":64,"column":41},"end":{"line":66,"column":4}},"locations":[{"start":{"line":64,"column":41},"end":{"line":66,"column":4}}]},"10":{"type":"branch","line":72,"loc":{"start":{"line":72,"column":7},"end":{"line":79,"column":1}},"locations":[{"start":{"line":72,"column":7},"end":{"line":79,"column":1}}]},"11":{"type":"branch","line":74,"loc":{"start":{"line":74,"column":10},"end":{"line":74,"column":40}},"locations":[{"start":{"line":74,"column":10},"end":{"line":74,"column":40}}]},"12":{"type":"branch","line":75,"loc":{"start":{"line":75,"column":10},"end":{"line":77,"column":4}},"locations":[{"start":{"line":75,"column":10},"end":{"line":77,"column":4}}]},"13":{"type":"branch","line":81,"loc":{"start":{"line":81,"column":7},"end":{"line":86,"column":1}},"locations":[{"start":{"line":81,"column":7},"end":{"line":86,"column":1}}]},"14":{"type":"branch","line":83,"loc":{"start":{"line":83,"column":10},"end":{"line":83,"column":27}},"locations":[{"start":{"line":83,"column":10},"end":{"line":83,"column":27}}]},"15":{"type":"branch","line":84,"loc":{"start":{"line":84,"column":10},"end":{"line":84,"column":29}},"locations":[{"start":{"line":84,"column":10},"end":{"line":84,"column":29}}]},"16":{"type":"branch","line":90,"loc":{"start":{"line":90,"column":7},"end":{"line":97,"column":1}},"locations":[{"start":{"line":90,"column":7},"end":{"line":97,"column":1}}]},"17":{"type":"branch","line":94,"loc":{"start":{"line":94,"column":10},"end":{"line":94,"column":26}},"locations":[{"start":{"line":94,"column":10},"end":{"line":94,"column":26}}]},"18":{"type":"branch","line":95,"loc":{"start":{"line":95,"column":10},"end":{"line":95,"column":42}},"locations":[{"start":{"line":95,"column":10},"end":{"line":95,"column":42}}]},"19":{"type":"branch","line":105,"loc":{"start":{"line":105,"column":7},"end":{"line":129,"column":
[...]
tart":{"line":108,"column":10},"end":{"line":127,"column":4}}]},"22":{"type":"branch","line":113,"loc":{"start":{"line":113,"column":35},"end":{"line":122,"column":4}},"locations":[{"start":{"line":113,"column":35},"end":{"line":122,"column":4}}]},"23":{"type":"branch","line":115,"loc":{"start":{"line":115,"column":14},"end":{"line":119,"column":11}},"locations":[{"start":{"line":115,"column":14},"end":{"line":119,"column":11}}]},"24":{"type":"branch","line":116,"loc":{"start":{"line":116,"column":24},"end":{"line":118,"column":6}},"locations":[{"start":{"line":116,"column":24},"end":{"line":118,"column":6}}]},"25":{"type":"branch","line":119,"loc":{"start":{"line":119,"column":4},"end":{"line":121,"column":5}},"locations":[{"start":{"line":119,"column":4},"end":{"line":121,"column":5}}]},"26":{"type":"branch","line":123,"loc":{"start":{"line":123,"column":35},"end":{"line":125,"column":4}},"locations":[{"start":{"line":123,"column":35},"end":{"line":125,"column":4}}]},"27":{"type":"branch","line":132,"loc":{"start":{"line":132,"column":7},"end":{"line":141,"column":1}},"locations":[{"start":{"line":132,"column":7},"end":{"line":141,"column":1}}]},"28":{"type":"branch","line":134,"loc":{"start":{"line":134,"column":10},"end":{"line":134,"column":33}},"locations":[{"start":{"line":134,"column":10},"end":{"line":134,"column":33}}]},"29":{"type":"branch","line":135,"loc":{"start":{"line":135,"column":10},"end":{"line":139,"column":4}},"locations":[{"start":{"line":135,"column":10},"end":{"line":139,"column":4}}]},"30":{"type":"branch","line":136,"loc":{"start":{"line":136,"column":29},"end":{"line":137,"column":17}},"locations":[{"start":{"line":136,"column":29},"end":{"line":137,"column":17}}]},"31":{"type":"branch","line":137,"loc":{"start":{"line":137,"column":10},"end":{"line":138,"column":37}},"locations":[{"start":{"line":137,"column":10},"end":{"line":138,"column":37}}]},"32":{"type":"branch","line":138,"loc":{"start":{"line":138,"column":20},"end":{"line":138,"column":36}},"locations":[{"start":{"line":138,"column":20},"end":{"line":138,"column":36}}]},"33":{"type":"branch","line":151,"loc":{"start":{"line":151,"column":7},"end":{"line":156,"column":1}},"locations":[{"start":{"line":151,"column":7},"end":{"line":156,"column":1}}]},"34":{"type":"branch","line":153,"loc":{"start":{"line":153,"column":10},"end":{"line":153,"column":40}},"locations":[{"start":{"line":153,"column":10},"end":{"line":153,"column":40}}]},"35":{"type":"branch","line":153,"loc":{"start":{"line":153,"column":21},"end":{"line":153,"column":29}},"locations":[{"start":{"line":153,"column":21},"end":{"line":153,"column":29}}]},"36":{"type":"branch","line":153,"loc":{"start":{"line":153,"column":25},"end":{"line":153,"column":40}},"locations":[{"start":{"line":153,"column":25},"end":{"line":153,"column":40}}]},"37":{"type":"branch","line":158,"loc":{"start":{"line":158,"column":7},"end":{"line":167,"column":1}},"locations":[{"start":{"line":158,"column":7},"end":{"line":167,"column":1}}]},"38":{"type":"branch","line":160,"loc":{"start":{"line":160,"column":10},"end":{"line":164,"column":4}},"locations":[{"start":{"line":160,"column":10},"end":{"line":164,"column":4}}]},"39":{"type":"branch","line":162,"loc":{"start":{"line":162,"column":19},"end":{"line":163,"column":13}},"locations":[{"start":{"line":162,"column":19},"end":{"line":163,"column":13}}]},"40":{"type":"branch","line":165,"loc":{"start":{"line":165,"column":10},"end":{"line":165,"column":27}},"locations":[{"start":{"line":165,"column":10},"end":{"line":165,"column":27}}]},"41":{"type":"branch","line":191,"loc":{"start":{"line":191,"column":7},"end":{"line":201,"column":1}},"locations":[{"start":{"line":191,"column":7},"end":{"line":201,"column":1}}]},"42":{"type":"branch","line":193,"loc":{"start":{"line":193,"column":10},"end":{"line":193,"column":54}},"locations":[{"start":{"line":193,"column":10},"end":{"line":193,"column":54}}]},"43":{"type":"branch","line":194,"loc":{"start":{"line":194,"column":10},"end":{"line":194,"column":41}},"locations":[{"start":{"line":194,"column":10},"end":{"line":194,"column":41}}]},"44":{"type":"branch","line":195,"loc":{"start":{"line":195,"column":10},"end":{"line":199,"column":4}},"locations":[{"start":{"line":195,"column":10},"end":{"line":199,"column":4}}]},"45":{"type":"branch","line":203,"loc":{"start":{"line":203,"column":7},"end":{"line":209,"column":1}},"locations":[{"start":{"line":203,"column":7},"end":{"line":209,"column":1}}]},"46":{"type":"branch","line":205,"loc":{"start":{"line":205,"column":10},"end":{"line":205,"column":27}},"locations":[{"start":{"line":205,"column":10},"end":{"line":205,"column":27}}]},"47":{"type":"branch","line":206,"loc":{"start":{"line":206,"column":10},"end":{"line":206,"column":61}},"locations":[{"start":{"line":206,"column":10},"end":{"line":206,"column":61}}]},"48":{"type":"branch","line":206,"loc":{"start":{"line":206,"column":32},"end":{"line":206,"column":57}},"locations":[{"start":{"line":206,"column":32},"end":{"line":206,"column":57}}]},"49":{"type":"branch","line":206,"loc":{"start":{"line":206,"column":53},"end":{"line":206,"column":61}},"locations":[{"start":{"line":206,"column":53},"end":{"line":206,"column":61}}]},"50":{"type":"branch","line":211,"loc":{"start":{"line":211,"column":7},"end":{"line":229,"column":1}},"locations":[{"start":{"line":211,"column":7},"end":{"line":229,"column":1}}]},"51":{"type":"branch","line":213,"loc":{"start":{"line":213,"column":10},"end":{"line":213,"column":34}},"locations":[{"start":{"line":213,"column":10},"end":{"line":213,"column":34}}]},"52":{"type":"branch","line":214,"loc":{"start":{"line":214,"column":10},"end":{"line":220,"column":4}},"locations":[{"start":{"line":214,"column":10},"end":{"line":220,"column":4}}]},"53":{"type":"branch","line":216,"loc":{"start":{"line":216,"column":14},"end":{"line":216,"column":31}},"locations":[{"start":{"line":216,"column":14},"end":{"line":216,"column":31}}]},"54":{"type":"branch","line":221,"loc":{"start":{"line":221,"column":10},"end":{"line":227,"column":4}},"locations":[{"start":{"line":221,"column":10},"end":{"line":227,"column":4}}]},"55":{"type":"branch","line":223,"loc":{"start":{"line":223,"column":14},"end":{"line":226,"column":11}},"locations":[{"start":{"line":223,"column":14},"end":{"line":226,"column":11}}]},"56":{"type":"branch","line":231,"loc":{"start":{"line":231,"column":7},"end":{"line":237,"column":1}},"locations":[{"start":{"line":231,"column":7},"end":{"line":237,"column":1}}]},"57":{"type":"branch","line":233,"loc":{"start":{"line":233,"column":10},"end":{"line":233,"column":62}},"locations":[{"start":{"line":233,"column":10},"end":{"line":233,"column":62}}]},"58":{"type":"branch","line":233,"loc":{"start":{"line":233,"column":26},"end":{"line":233,"column":51}},"locations":[{"start":{"line":233,"column":26},"end":{"line":233,"column":51}}]},"59":{"type":"branch","line":233,"loc":{"start":{"line":233,"column":47},"end":{"line":233,"column":62}},"locations":[{"start":{"line":233,"column":47},"end":{"line":233,"column":62}}]},"60":{"type":"branch","line":234,"loc":{"start":{"line":234,"column":10},"end":{"line":234,"column":68}},"locations":[{"start":{"line":234,"column":10},"end":{"line":234,"column":68}}]},"61":{"type":"branch","line":234,"loc":{"start":{"line":234,"column":32},"end":{"line":234,"column":62}},"locations":[{"start":{"line":234,"column":32},"end":{"line":234,"column":62}}]},"62":{"type":"branch","line":234,"loc":{"start":{"line":234,"column":58},"end":{"line":234,"column":68}},"locations":[{"start":{"line":234,"column":58},"end":{"line":234,"column":68}}]},"63":{"type":"branch","line":235,"loc":{"start":{"line":235,"column":10},"end":{"line":235,"column":60}},"locations":[{"start":{"line":235,"column":10},"end":{"line":235,"column":60}}]},"64":{"type":"branch","line":235,"loc":{"start":{"line":235,"column":26},"end":{"line":235,"column":54}},"locations":[{"start":{"line":235,"column":26},"end":{"line":235,"column":54}}]},"65":{"type":"branch","line":235,"loc":{"start":{"line":235,"column":50},"end":{"line":235,"column":60}},"locations":[{"start":{"line":235,"column":50},"end":{"line":235,"column":60}}]},"66":{"type":"branch","line":241,"loc":{"start":{"line":241,"column":7},"end":{"line":247,"column":1}},"locations":[{"start":{"line":241,"column":7},"end":{"line":247,"column":1}}]},"67":{"type":"branch","line":243,"loc":{"start":{"line":243,"column":10},"end":{"line":243,"column":27}},"locations":[{"start":{"line":243,"column":10},"end":{"line":243,"column":27}}]},"68":{"type":"branch","line":244,"loc":{"start":{"line":244,"column":10},"end":{"line":244,"column":32}},"locations":[{"start":{"line":244,"column":10},"end":{"line":244,"column":32}}]},"69":{"type":"branch","line":245,"loc":{"start":{"line":245,"column":10},"end":{"line":245,"column":30}},"locations":[{"start":{"line":245,"column":10},"end":{"line":245,"column":30}}]},"70":{"type":"branch","line":251,"loc":{"start":{"line":251,"column":7},"end":{"line":257,"column":1}},"locations":[{"start":{"line":251,"column":7},"end":{"line":257,"column":1}}]},"71":{"type":"branch","line":253,"loc":{"start":{"line":253,"column":10},"end":{"line":253,"column":28}},"locations":[{"start":{"line":253,"column":10},"end":{"line":253,"column":28}}]},"72":{"type":"branch","line":254,"loc":{"start":{"line":254,"column":10},"end":{"line":254,"column":32}},"locations":[{"start":{"line":254,"column":10},"end":{"line":254,"column":32}}]},"73":{"type":"branch","line":255,"loc":{"start":{"line":255,"column":10},"end":{"line":255,"column":34}},"locations":[{"start":{"line":255,"column":10},"end":{"line":255,"column":34}}]}},"b":{"0":[1],"1":[3],"2":[1],"3":[2],"4":[1],"5":[1],"6":[1],"7":[2],"8":[1],"9":[2],"10":[1],"11":[1],"12":[1],"13":[1],"14":[2],"15":[2],"16":[1],"17":[1],"18":[1],"19":[5],"20":[2],"21":[3],"22":[13],"23":[8],"24":[7],"25":[5],"26":[2],"27":[1],"28":[2],"29":[4],"30":[2],"31":[1],"32":[3],"33":[2],"34":[6],"35":[3],"36":[3],"37":[1],"38":[2],"39":[1],"40":[2],"41":[7],"42":[23],"43":[8],"44":[2],"45":[1],"46":[4],"47":[3],"48":[2],"49":[1],"50":[1],"51":[4],"52":[1],"53":[0],"54":[2],"55":[1],"56":[1],"57":[3],"58":[2],"59":[1],"60":[3],"61":[2],"62":[1],"63":[3],"64":[2],"65":[1],"66":[1],"67":[2],"68":[2],"69":[2],"70":[1],"71":[2],"72":[2],"73":[2]},"fnMap":{"0":{"name":"to","decl":{"start":{"line":16,"column":7},"end":{"line":20,"column":1}},"loc":{"start":{"line":16,"column":7},"end":{"line":20,"column":1}},"line":16},"1":{"name":"log","decl":{"start":{"line":23,"column":7},"end":{"line":34,"column":1}},"loc":{"start":{"line":23,"column":7},"end":{"line":34,"column":1}},"line":23},"2":{"name":"reread","decl":{"start":{"line":36,"column":7},"end":{"line":43,"column":1}},"loc":{"start":{"line":36,"column":7},"end":{"line":43,"column":1}},"line":36},"3":{"name":"rewrite","decl":{"start":{"line":45,"column":7},"end":{"line":50,"column":1}},"loc":{"start":{"line":45,"column":7},"end":{"line":50,"column":1}},"line":45},"4":{"name":"dedupe","decl":{"start":{"line":52,"column":7},"end":{"line":57,"column":1}},"loc":{"start":{"line":52,"column":7},"end":{"line":57,"column":1}},"line":52},"5":{"name":"indexed","decl":{"start":{"line":59,"column":7},"end":{"line":70,"column":1}},"loc":{"start":{"line":59,"column":7},"end":{"line":70,"column":1}},"line":59},"6":{"name":"select","decl":{"start":{"line":61,"column":10},"end":{"line":61,"column":57}},"loc":{"start":{"line":61,"column":10},"end":{"line":61,"column":57}},"line":61},"7":{"name":"reduce","decl":{"start":{"line":62,"column":10},"end":{"line":68,"column":4}},"loc":{"start":{"line":62,"column":10},"end":{"line":68,"column":4}},"line":62},"8":{"name":"split","decl":{"start":{"line":72,"column":7},"end":{"line":79,"column":1}},"loc":{"start":{"line":72,"column":7},"end":{"line":79,"column":1}},"line":72},"9":{"name":"select","decl":{"start":{"line":74,"column":10},"end":{"line":74,"column":40}},"loc":{"start":{"line":74,"column":10},"end":{"line":74,"column":40}},"line":74},"10":{"name":"reduce","decl":{"start":{"line":75,"column":10},"end":{"line":77,"column":4}},"loc":{"start":{"line":75,"column":10},"end":{"line":77,"column":4}},"line":75},"11":{"name":"linear","decl":{"start":{"line":81,"column":7},"end":{"line":86,"column":1}},"loc":{"start":{"line":81,"column":7},"end":{"line":86,"column":1}},"line":81},"12":{"name":"select","decl":{"start":{"line":83,"column":10},"end":{"line":83,"column":27}},"loc":{"start":{"line":83,"column":10},"end":{"line":83,"column":27}},"line":83},"13":{"name":"reduce","decl":{"start":{"line":84,"column":10},"end":{"line":84,"column":29}},"loc":{"start":{"line":84,"column":10},"end":{"line":84,"column":29}},"line":84},"14":{"name":"nth","decl":{"start":{"line":90,"column":7},"end":{"line":97,"column":1}},"loc":{"start":{"line":90,"column":7},"end":{"line":97,"column":1}},"line":90},"15":{"name":"select","decl":{"start":{"line":94,"column":10},"end":{"line":94,"column":26}},"loc":{"start":{"line":94,"column":10},"end":{"line":94,"column":26}},"line":94},"16":{"name":"reduce","decl":{"start":{"line":95,"column":10},"end":{"line":95,"column":42}},"loc":{"start":{"line":95,"column":10},"end":{"line":95,"column":42}},"line":95},"17":{"name":"filter","decl":{"start":{"line":105,"column":7},"end":{"line":129,"column":1}},"loc":{"start":{"line":105,"column":7},"end":{"line":129,"column":1}},"line":105},"18":{"name":"select","decl":{"start":{"line":107,"column":10},"end":{"line":107,"column":36}},"loc":{"start":{"line":107,"column":10},"end":{"line":107,"column":36}},"line":107},"19":{"name":"reduce","decl":{"start":{"line":108,"column":10},"end":{"line":127,"column":4}},"loc":{"start":{"line":108,"column":10},"end":{"line":127,"column":4}},"line":108},"20":{"name":"includes","decl":{"start":{"line":132,"column":7},"end":{"line":141,"column":1}},"loc":{"start":{"line":132,"column":7},"end":{"line":141,"column":1}},"line":132},"21":{"name":"select","decl":{"start":{"line":134,"column":10},"end":{"line":134,"column":33}},"loc":{"start":{"line":134,"column":10},"end":{"line":134,"column":33}},"line":134},"22":{"name":"reduce","decl":{"start":{"line":135,"column":10},"end":{"line":139,"column":4}},"loc":{"start":{"line":135,"column":10},"end":{"line":139,"column":4}},"line":135},"23":{"name":"when","decl":{"start":{"line":151,"column":7},"end":{"line":156,"column":1}},"loc":{"start":{"line":151,"column":7},"end":{"line":156,"column":1}},"line":151},"24":{"name":"select","decl":{"start":{"line":153,"column":10},"end":{"line":153,"column":40}},"loc":{"start":{"line":153,"column":10},"end":{"line":153,"column":40}},"line":153},"25":{"name":"strToNum","decl":{"start":{"line":158,"column":7},"end":{"line":167,"column":1}},"loc":{"start":{"line":158,"column":7},"end":{"line":167,"column":1}},"line":158},"26":{"name":"select","decl":{"start":{"line":160,"column":10},"end":{"line":164,"column":4}},"loc":{"start":{"line":160,"column":10},"end":{"line":164,"column":4}},"line":160},"27":{"name":"reduce","decl":{"start":{"line":165,"column":10},"end":{"line":165,"column":27}},"loc":{"start":{"line":165,"column":10},"end":{"line":165,"column":27}},"line":165},"28":{"name":"toOpt","decl":{"start":{"line":169,"column":7},"end":{"line":173,"column":1}},"loc":{"start":{"line":169,"column":7},"end":{"line":173,"column":1}},"line":169},"29":{"name":"prop","decl":{"start":{"line":191,"column":7},"end":{"line":201,"column":1}},"loc":{"start":{"line":191,"column":7},"end":{"line":201,"column":1}},"line":191},"30":{"name":"select","decl":{"start":{"line":193,"column":10},"end":{"line":193,"column":54}},"loc":{"start":{"line":193,"column":10},"end":{"line":193,"column":54}},"line":193},"31":{"name":"reduce","decl":{"start":{"line":194,"column":10},"end":{"line":194,"column":41}},"loc":{"start":{"line":194,"column":10},"end":{"line":194,"column":41}},"line":194},"32":{"name":"remove","decl":{"start":{"line":195,"column":10},"end":{"line":199,"column":4}},"loc":{"start":{"line":195,"column":10},"end":{"line":199,"column":4}},"line":195},"33":{"name":"at","decl":{"start":{"line":203,"column":7},"end":{"line":209,"column":1}},"loc":{"start":{"line":203,"column":7},"end":{"line":209,"column":1}},"line":203},"34":{"name":"select","decl":{"start":{"line":205,"column":10},"end":{"line":205,"column":27}},"loc":{"start":{"line":205,"column":10},"end":{"line":205,"column":27}},"line":205},"35":{"name":"reduce","decl":{"start":{"line":206,"column":10},"end":{"line":206,"column":61}},"loc":{"start":{"line":206,"column":10},"end":{"line":206,"column":61}},"line":206},"36":{"name":"remove","decl":{"start":{"line":207,"column":10},"end":{"line":207,"column":34}},"loc":{"start":{"line":207,"column":10},"end":{"line":207,"column":34}},"line":207},"37":{"name":"find","decl":{"start":{"line":211,"column":7},"end":{"line":229,"column":1}},"loc":{"start":{"line":211,"column":7},"end":{"line":229,"column":1}},"line":211},"38":{"name":"select","decl":{"start":{"line":213,"column":10},"end":{"line":213,"column":34}},"loc":{"start":{"line":213,"column":10},"end":{"line":213,"column":34}},"line":213},"39":{"name":"reduce","decl":{"start":{"line":214,"column":10},"end":{"line":220,"column":4}},"loc":{"start":{"line":214,"column":10},"end":{"line":220,"column":4}},"line":214},"40":{"name":"remove","decl":{"start":{"line":221,"column":10},"end":{"line":227,"column":4}},"loc":{"start":{"line":221,"column":10},"end":{"line":227,"column":4}},"line":221},"41":{"name":"tail","decl":{"start":{"line":231,"column":7},"end":{"line":237,"column":1}},"loc":{"start":{"line":231,"column":7},"end":{"line":237,"column":1}},"line":231},"42":{"name":"select","decl":{"start":{"line":233,"column":10},"end":{"line":233,"column":62}},"loc":{"start":{"line":233,"column":10},"end":{"line":233,"column":62}},"line":233},"43":{"name":"reduce","decl":{"start":{"line":234,"column":10},"end":{"line":234,"column":68}},"loc":{"start":{"line":234,"column":10},"end":{"line":234,"column":68}},"line":234},"44":{"name":"remove","decl":{"start":{"line":235,"column":10},"end":{"line":235,"column":60}},"loc":{"start":{"line":235,"column":10},"end":{"line":235,"column":60}},"line":235},"45":{"name":"head","decl":{"start":{"line":241,"column":7},"end":{"line":247,"column":1}},"loc":{"start":{"line":241,"column":7},"end":{"line":247,"column":1}},"line":241},"46":{"name":"select","decl":{"start":{"line":243,"column":10},"end":{"line":243,"column":27}},"loc":{"start":{"line":243,"column":10},"end":{"line":243,"column":27}},"line":243},"47":{"name":"reduce","decl":{"start":{"line":244,"column":10},"end":{"line":244,"column":32}},"loc":{"start":{"line":244,"column":10},"end":{"line":244,"column":32}},"line":244},"48":{"name":"remove","decl":{"start":{"line":245,"column":10},"end":{"line":245,"column":30}},"loc":{"start":{"line":245,"column":10},"end":{"line":245,"column":30}},"line":245},"49":{"name":"foot","decl":{"start":{"line":251,"column":7},"end":{"line":257,"column":1}},"loc":{"start":{"line":251,"column":7},"end":{"line":257,"column":1}},"line":251},"50":{"name":"select","decl":{"start":{"line":253,"column":10},"end":{"line":253,"column":28}},"loc":{"start":{"line":253,"column":10},"end":{"line":253,"column":28}},"line":253},"51":{"name":"reduce","decl":{"start":{"line":254,"column":10},"end":{"line":254,"column":32}},"loc":{"start":{"line":254,"column":10},"end":{"line":254,"column":32}},"line":254},"52":{"name":"remove","decl":{"start":{"line":255,"column":10},"end":{"line":255,"column":34}},"loc":{"start":{"line":255,"column":10},"end":{"line":255,"column":34}},"line":255}},"f":{"0":0,"1":0,"2":1,"3":3,"4":1,"5":1,"6":1,"7":1,"8":1,"9":1,"10":1,"11":1,"12":2,"13":2,"14":1,"15":1,"16":1,"17":5,"18":2,"19":3,"20":1,"21":2,"22":4,"23":2,"24":6,"25":1,"26":2,"27":2,"28":0,"29":7,"30":23,"31":8,"32":2,"33":1,"34":4,"35":3,"36":0,"37":1,"38":4,"39":1,"40":2,"41":1,"42":3,"43":3,"44":3,"45":1,"46":2,"47":2,"48":2,"49":1,"50":2,"51":2,"52":2}}
}
