TN:
SF:src/App.tsx
FN:1,(empty-report)
FNF:1
FNH:0
FNDA:0,(empty-report)
DA:1,0
DA:2,0
DA:3,0
DA:4,0
DA:6,0
DA:7,0
DA:9,0
DA:10,0
DA:11,0
DA:12,0
DA:13,0
DA:14,0
DA:15,0
DA:16,0
DA:17,0
DA:18,0
DA:19,0
DA:20,0
DA:21,0
DA:22,0
DA:23,0
DA:24,0
DA:25,0
DA:26,0
DA:27,0
DA:28,0
DA:30,0
DA:31,0
DA:33,0
DA:35,0
LF:30
LH:0
BRDA:1,0,0,0
BRF:1
BRH:0
end_of_record
TN:
SF:src/main.tsx
FN:1,(empty-report)
FNF:1
FNH:0
FNDA:0,(empty-report)
DA:1,0
DA:2,0
DA:3,0
DA:4,0
DA:6,0
DA:7,0
DA:8,0
DA:9,0
DA:10,0
LF:9
LH:0
BRDA:1,0,0,0
BRF:1
BRH:0
end_of_record
TN:
SF:src/lib/flow.ts
FN:289,flow
FNF:1
FNH:1
FNDA:25,flow
DA:289,1
DA:290,25
DA:291,25
DA:292,25
DA:293,25
DA:294,25
DA:295,25
DA:296,25
DA:297,25
DA:298,25
DA:299,25
DA:300,25
DA:301,25
DA:302,0
DA:303,25
DA:304,21
DA:305,25
DA:306,4
DA:307,25
DA:308,0
DA:309,25
DA:310,0
DA:311,25
DA:312,0
DA:313,25
DA:314,0
DA:315,25
DA:316,0
DA:317,25
DA:318,0
DA:319,25
DA:320,0
DA:321,0
DA:322,0
DA:323,0
DA:324,0
DA:325,0
DA:326,25
DA:327,25
LF:39
LH:26
BRDA:289,0,0,25
BRDA:301,1,0,0
BRDA:303,2,0,21
BRDA:305,3,0,4
BRDA:307,4,0,0
BRDA:309,5,0,0
BRDA:311,6,0,0
BRDA:313,7,0,0
BRDA:315,8,0,0
BRDA:317,9,0,0
BRDA:319,10,0,0
BRF:11
BRH:3
end_of_record
TN:
SF:src/lib/guards.ts
FN:2,isFunction
FNF:1
FNH:1
FNDA:1,isFunction
DA:2,1
DA:3,1
DA:4,1
LF:3
LH:3
BRDA:2,0,0,1
BRF:1
BRH:1
end_of_record
TN:
SF:src/lib/optics-async.ts
FN:1,(empty-report)
FNF:1
FNH:0
FNDA:0,(empty-report)
DA:1,0
DA:10,0
DA:11,0
DA:12,0
DA:13,0
DA:14,0
DA:15,0
DA:16,0
DA:17,0
DA:18,0
DA:19,0
DA:20,0
DA:21,0
DA:22,0
DA:23,0
DA:24,0
DA:25,0
DA:26,0
DA:27,0
DA:28,0
DA:29,0
DA:30,0
DA:31,0
DA:32,0
DA:33,0
DA:34,0
DA:35,0
DA:36,0
DA:37,0
DA:38,0
DA:39,0
DA:40,0
DA:41,0
DA:42,0
DA:43,0
DA:44,0
DA:45,0
DA:46,0
DA:47,0
DA:49,0
DA:50,0
DA:51,0
DA:52,0
DA:53,0
DA:54,0
DA:55,0
DA:56,0
DA:57,0
DA:58,0
DA:59,0
DA:61,0
DA:62,0
DA:63,0
DA:64,0
DA:65,0
DA:66,0
DA:67,0
DA:68,0
DA:69,0
DA:70,0
DA:71,0
DA:72,0
DA:73,0
DA:74,0
DA:75,0
DA:77,0
DA:78,0
DA:79,0
DA:80,0
DA:81,0
DA:82,0
DA:83,0
DA:84,0
DA:85,0
DA:86,0
DA:87,0
DA:88,0
DA:89,0
DA:90,0
DA:91,0
DA:92,0
DA:93,0
DA:94,0
DA:95,0
DA:97,0
DA:98,0
DA:99,0
DA:100,0
DA:101,0
DA:102,0
DA:105,0
LF:91
LH:0
BRDA:1,0,0,0
BRF:1
BRH:0
end_of_record
TN:
SF:src/lib/playground.ts
FN:1,(empty-report)
FNF:1
FNH:0
FNDA:0,(empty-report)
DA:1,0
DA:2,0
DA:3,0
DA:4,0
DA:6,0
DA:7,0
DA:8,0
DA:9,0
DA:10,0
DA:12,0
DA:13,0
DA:14,0
DA:15,0
DA:16,0
DA:18,0
DA:19,0
DA:21,0
DA:22,0
DA:23,0
DA:24,0
DA:25,0
DA:26,0
DA:27,0
DA:30,0
DA:31,0
DA:32,0
DA:33,0
DA:34,0
DA:35,0
DA:37,0
DA:38,0
DA:39,0
DA:40,0
DA:41,0
DA:42,0
DA:43,0
LF:36
LH:0
BRDA:1,0,0,0
BRF:1
BRH:0
end_of_record
TN:
SF:src/lib/react.ts
FN:1,(empty-report)
FNF:1
FNH:0
FNDA:0,(empty-report)
DA:1,0
DA:2,0
DA:3,0
DA:4,0
DA:5,0
DA:6,0
DA:8,0
DA:9,0
DA:10,0
DA:11,0
DA:12,0
DA:13,0
DA:14,0
DA:15,0
DA:16,0
DA:17,0
DA:18,0
DA:20,0
DA:21,0
DA:22,0
DA:23,0
DA:24,0
DA:25,0
DA:26,0
DA:27,0
DA:28,0
DA:29,0
DA:30,0
DA:31,0
DA:33,0
DA:34,0
DA:35,0
DA:36,0
DA:37,0
DA:38,0
DA:39,0
DA:40,0
DA:41,0
DA:42,0
DA:43,0
DA:44,0
DA:45,0
DA:46,0
DA:47,0
DA:48,0
DA:49,0
DA:50,0
DA:51,0
DA:52,0
LF:49
LH:0
BRDA:1,0,0,0
BRF:1
BRH:0
end_of_record
TN:
SF:src/lib/stores-mount.ts
FN:1,(empty-report)
FNF:1
FNH:0
FNDA:0,(empty-report)
DA:1,0
DA:3,0
DA:4,0
DA:5,0
DA:7,0
DA:8,0
DA:9,0
DA:10,0
DA:11,0
DA:12,0
DA:13,0
DA:14,0
DA:15,0
DA:16,0
DA:17,0
DA:18,0
DA:19,0
DA:20,0
DA:21,0
DA:22,0
DA:23,0
LF:21
LH:0
BRDA:1,0,0,0
BRF:1
BRH:0
end_of_record
TN:
SF:src/lib/stores.ts
FN:1,(empty-report)
FNF:1
FNH:0
FNDA:0,(empty-report)
DA:1,0
DA:9,0
DA:12,0
DA:15,0
DA:16,0
DA:17,0
DA:18,0
DA:19,0
DA:20,0
DA:21,0
DA:22,0
DA:23,0
DA:24,0
DA:25,0
DA:26,0
DA:27,0
DA:28,0
DA:29,0
DA:30,0
DA:31,0
DA:32,0
DA:33,0
DA:34,0
DA:35,0
DA:36,0
DA:37,0
DA:38,0
DA:39,0
DA:40,0
DA:41,0
DA:42,0
DA:43,0
DA:44,0
DA:45,0
DA:46,0
DA:48,0
DA:49,0
DA:50,0
DA:51,0
DA:52,0
DA:53,0
DA:54,0
DA:55,0
DA:56,0
DA:57,0
DA:58,0
DA:59,0
DA:60,0
DA:61,0
DA:62,0
DA:63,0
DA:64,0
DA:65,0
DA:66,0
DA:67,0
DA:68,0
LF:56
LH:0
BRDA:1,0,0,0
BRF:1
BRH:0
end_of_record
TN:
SF:src/lib/update.ts
FN:1,(empty-report)
FNF:1
FNH:0
FNDA:0,(empty-report)
DA:1,0
DA:7,0
DA:8,0
DA:9,0
DA:10,0
DA:11,0
DA:12,0
DA:13,0
DA:14,0
DA:15,0
DA:16,0
DA:17,0
DA:18,0
DA:19,0
DA:20,0
DA:21,0
DA:22,0
DA:23,0
DA:24,0
DA:25,0
DA:26,0
DA:27,0
DA:29,0
DA:30,0
DA:31,0
DA:32,0
DA:33,0
DA:34,0
DA:35,0
DA:45,0
DA:46,0
DA:47,0
DA:48,0
DA:49,0
DA:50,0
DA:51,0
DA:52,0
DA:53,0
LF:38
LH:0
BRDA:1,0,0,0
BRF:1
BRH:0
end_of_record
TN:
SF:src/lib/utils.ts
FN:5,id
FN:10,fromInit
FN:14,storeToOptic
FNF:3
FNH:2
FNDA:162,id
FNDA:1,fromInit
FNDA:0,storeToOptic
DA:1,1
DA:2,1
DA:5,1
DA:6,162
DA:7,162
DA:10,1
DA:11,1
DA:12,1
DA:14,1
DA:15,0
DA:16,0
LF:11
LH:9
BRDA:5,0,0,162
BRDA:10,1,0,1
BRDA:11,2,0,0
BRF:3
BRH:2
end_of_record
TN:
SF:src/lib/optics/core.ts
FN:4,isNever
FN:8,isUndefined
FN:13,isReset
FN:18,isRemove
FN:22,forbidden
FN:26,inert
FN:39,composeFaillure
FN:55,Optic
FN:62,_compose
FN:64,select
FN:70,reduce
FN:76,exec
FN:83,view
FN:86,put
FN:89,command
FN:92,modify
FN:97,update
FN:102,eq
FN:119,eq
FN:123,eqWithReset
FN:126,exec
FN:130,lens
FN:148,optional
FN:166,removable
FN:181,exec
FN:186,getter
FN:193,getterOpt
FNF:27
FNH:20
FNDA:109,isNever
FNDA:19,isUndefined
FNDA:0,isReset
FNDA:0,isRemove
FNDA:0,forbidden
FNDA:0,inert
FNDA:29,composeFaillure
FNDA:55,Optic
FNDA:29,_compose
FNDA:65,select
FNDA:42,reduce
FNDA:11,exec
FNDA:40,view
FNDA:31,put
FNDA:12,command
FNDA:10,modify
FNDA:0,update
FNDA:26,eq
FNDA:25,eq
FNDA:1,eqWithReset
FNDA:1,exec
FNDA:14,lens
FNDA:3,optional
FNDA:12,removable
FNDA:11,exec
FNDA:0,getter
FNDA:0,getterOpt
DA:1,1
DA:2,1
DA:4,109
DA:5,109
DA:6,109
DA:8,19
DA:9,19
DA:10,19
DA:12,1
DA:13,0
DA:14,0
DA:15,0
DA:17,1
DA:18,0
DA:19,0
DA:20,0
DA:22,0
DA:23,0
DA:24,0
DA:26,0
DA:27,0
DA:28,0
DA:39,29
DA:40,29
DA:41,29
DA:42,29
DA:43,29
DA:44,9
DA:45,3
DA:46,0
DA:47,0
DA:49,1
DA:55,1
DA:56,55
DA:57,55
DA:58,55
DA:59,55
DA:60,55
DA:61,55
DA:62,1
DA:63,29
DA:64,29
DA:65,65
DA:66,65
DA:67,65
DA:68,65
DA:69,29
DA:70,29
DA:71,42
DA:72,42
DA:73,42
DA:74,42
DA:75,29
DA:76,29
DA:77,11
DA:78,11
DA:79,11
DA:80,11
DA:81,29
DA:82,29
DA:83,1
DA:84,40
DA:85,40
DA:86,1
DA:87,31
DA:88,31
DA:89,1
DA:90,12
DA:91,12
DA:92,1
DA:93,10
DA:94,10
DA:95,6
DA:96,10
DA:97,1
DA:98,0
DA:99,0
DA:100,0
DA:101,0
DA:102,1
DA:103,26
DA:104,26
DA:105,26
DA:108,26
DA:109,26
DA:110,26
DA:111,26
DA:112,26
DA:113,26
DA:114,26
DA:115,26
DA:116,26
DA:117,1
DA:119,1
DA:120,25
DA:121,25
DA:123,1
DA:124,1
DA:125,1
DA:126,1
DA:127,1
DA:128,1
DA:130,1
DA:131,14
DA:132,14
DA:133,14
DA:136,14
DA:137,14
DA:138,14
DA:139,14
DA:140,14
DA:141,14
DA:142,14
DA:143,14
DA:144,14
DA:145,14
DA:146,14
DA:148,1
DA:149,3
DA:150,3
DA:151,3
DA:154,3
DA:155,3
DA:156,3
DA:157,3
DA:158,3
DA:159,3
DA:160,3
DA:161,3
DA:162,3
DA:163,3
DA:164,3
DA:166,1
DA:167,12
DA:168,12
DA:169,12
DA:170,12
DA:174,12
DA:175,12
DA:176,12
DA:177,12
DA:178,12
DA:179,12
DA:180,12
DA:181,12
DA:182,12
DA:183,12
DA:184,12
DA:186,1
DA:187,0
DA:188,0
DA:189,0
DA:190,0
DA:191,0
DA:193,1
DA:194,0
DA:195,0
DA:197,0
DA:198,0
DA:199,0
DA:200,0
DA:201,0
DA:202,0
LF:163
LH:132
BRDA:4,0,0,109
BRDA:8,1,0,19
BRDA:39,2,0,29
BRDA:43,3,0,26
BRDA:43,4,0,9
BRDA:43,5,0,3
BRDA:44,6,0,0
BRDA:44,7,0,3
BRDA:45,8,0,0
BRDA:55,9,0,55
BRDA:62,10,0,29
BRDA:64,11,0,65
BRDA:66,12,0,0
BRDA:70,13,0,42
BRDA:72,14,0,0
BRDA:76,15,0,11
BRDA:78,16,0,0
BRDA:83,17,0,40
BRDA:86,18,0,31
BRDA:89,19,0,12
BRDA:92,20,0,10
BRDA:94,21,0,7
BRDA:94,22,0,4
BRDA:94,23,0,6
BRDA:102,24,0,26
BRDA:119,25,0,25
BRDA:123,26,0,1
BRDA:126,27,0,1
BRDA:130,28,0,14
BRDA:137,29,0,14
BRDA:148,30,0,3
BRDA:155,31,0,3
BRDA:166,32,0,12
BRDA:175,33,0,12
BRDA:181,34,0,11
BRF:35
BRH:30
end_of_record
TN:
SF:src/lib/optics/index.ts
FN:16,to
FN:23,log
FN:36,reread
FN:45,rewrite
FN:52,dedupe
FN:59,indexed
FN:61,select
FN:62,reduce
FN:72,split
FN:74,select
FN:75,reduce
FN:81,linear
FN:83,select
FN:84,reduce
FN:90,nth
FN:94,select
FN:95,reduce
FN:105,filter
FN:107,select
FN:108,reduce
FN:132,includes
FN:134,select
FN:135,reduce
FN:151,when
FN:153,select
FN:158,strToNum
FN:160,select
FN:165,reduce
FN:169,toOpt
FN:191,prop
FN:193,select
FN:194,reduce
FN:195,remove
FN:203,at
FN:205,select
FN:206,reduce
FN:207,remove
FN:211,find
FN:213,select
FN:214,reduce
FN:221,remove
FN:231,tail
FN:233,select
FN:234,reduce
FN:235,remove
FN:241,head
FN:243,select
FN:244,reduce
FN:245,remove
FN:251,foot
FN:253,select
FN:254,reduce
FN:255,remove
FNF:53
FNH:49
FNDA:0,to
FNDA:0,log
FNDA:1,reread
FNDA:3,rewrite
FNDA:1,dedupe
FNDA:1,indexed
FNDA:1,select
FNDA:1,reduce
FNDA:1,split
FNDA:1,select
FNDA:1,reduce
FNDA:1,linear
FNDA:2,select
FNDA:2,reduce
FNDA:1,nth
FNDA:1,select
FNDA:1,reduce
FNDA:5,filter
FNDA:2,select
FNDA:3,reduce
FNDA:1,includes
FNDA:2,select
FNDA:4,reduce
FNDA:2,when
FNDA:6,select
FNDA:1,strToNum
FNDA:2,select
FNDA:2,reduce
FNDA:0,toOpt
FNDA:7,prop
FNDA:23,select
FNDA:8,reduce
FNDA:2,remove
FNDA:1,at
FNDA:4,select
FNDA:3,reduce
FNDA:0,remove
FNDA:1,find
FNDA:4,select
FNDA:1,reduce
FNDA:2,remove
FNDA:1,tail
FNDA:3,select
FNDA:3,reduce
FNDA:3,remove
FNDA:1,head
FNDA:2,select
FNDA:2,reduce
FNDA:2,remove
FNDA:1,foot
FNDA:2,select
FNDA:2,reduce
FNDA:2,remove
DA:1,1
DA:10,1
DA:16,1
DA:17,0
DA:18,0
DA:19,0
DA:20,0
DA:23,1
DA:24,0
DA:25,0
DA:26,0
DA:27,0
DA:28,0
DA:29,0
DA:30,0
DA:31,0
DA:32,0
DA:33,0
DA:34,0
DA:36,1
DA:37,1
DA:38,1
DA:40,1
DA:42,1
DA:43,1
DA:45,1
DA:46,3
DA:47,3
DA:48,3
DA:49,3
DA:50,3
DA:52,1
DA:53,1
DA:54,2
DA:55,1
DA:56,1
DA:57,1
DA:59,1
DA:60,1
DA:61,1
DA:62,1
DA:63,1
DA:64,1
DA:65,2
DA:66,2
DA:67,1
DA:68,1
DA:69,1
DA:70,1
DA:72,1
DA:73,1
DA:74,1
DA:75,1
DA:76,1
DA:77,1
DA:78,1
DA:79,1
DA:81,1
DA:82,1
DA:83,1
DA:84,1
DA:85,1
DA:86,1
DA:90,1
DA:91,1
DA:92,1
DA:93,1
DA:94,1
DA:95,1
DA:96,1
DA:97,1
DA:105,1
DA:106,5
DA:107,5
DA:108,5
DA:109,3
DA:110,3
DA:111,3
DA:112,3
DA:113,3
DA:114,13
DA:115,13
DA:116,8
DA:117,7
DA:118,7
DA:119,13
DA:120,5
DA:121,5
DA:122,13
DA:123,3
DA:124,2
DA:125,2
DA:126,3
DA:127,3
DA:128,5
DA:129,5
DA:132,1
DA:133,1
DA:134,1
DA:135,1
DA:136,4
DA:137,4
DA:138,1
DA:139,4
DA:140,1
DA:141,1
DA:151,1
DA:152,2
DA:153,2
DA:154,2
DA:155,2
DA:156,2
DA:158,1
DA:159,1
DA:160,1
DA:161,2
DA:162,2
DA:163,1
DA:164,2
DA:165,1
DA:166,1
DA:167,1
DA:169,1
DA:170,0
DA:171,0
DA:172,0
DA:173,0
DA:191,1
DA:192,7
DA:193,7
DA:194,7
DA:195,7
DA:196,2
DA:197,2
DA:198,2
DA:199,2
DA:200,7
DA:201,7
DA:203,1
DA:204,1
DA:205,1
DA:206,1
DA:207,1
DA:208,1
DA:209,1
DA:211,1
DA:212,1
DA:213,1
DA:214,1
DA:215,1
DA:216,1
DA:217,1
DA:218,1
DA:219,1
DA:220,1
DA:221,1
DA:222,2
DA:223,2
DA:224,1
DA:225,1
DA:226,1
DA:227,2
DA:228,1
DA:229,1
DA:231,1
DA:232,1
DA:233,1
DA:234,1
DA:235,1
DA:236,1
DA:237,1
DA:241,1
DA:242,1
DA:243,1
DA:244,1
DA:245,1
DA:246,1
DA:247,1
DA:251,1
DA:252,1
DA:253,1
DA:254,1
DA:255,1
DA:256,1
DA:257,1
LF:185
LH:166
BRDA:36,0,0,1
BRDA:45,1,0,3
BRDA:52,2,0,1
BRDA:53,3,0,2
BRDA:54,4,0,1
BRDA:59,5,0,1
BRDA:61,6,0,1
BRDA:61,7,0,2
BRDA:62,8,0,1
BRDA:64,9,0,2
BRDA:72,10,0,1
BRDA:74,11,0,1
BRDA:75,12,0,1
BRDA:81,13,0,1
BRDA:83,14,0,2
BRDA:84,15,0,2
BRDA:90,16,0,1
BRDA:94,17,0,1
BRDA:95,18,0,1
BRDA:105,19,0,5
BRDA:107,20,0,2
BRDA:108,21,0,3
BRDA:113,22,0,13
BRDA:115,23,0,8
BRDA:116,24,0,7
BRDA:119,25,0,5
BRDA:123,26,0,2
BRDA:132,27,0,1
BRDA:134,28,0,2
BRDA:135,29,0,4
BRDA:136,30,0,2
BRDA:137,31,0,1
BRDA:138,32,0,3
BRDA:151,33,0,2
BRDA:153,34,0,6
BRDA:153,35,0,3
BRDA:153,36,0,3
BRDA:158,37,0,1
BRDA:160,38,0,2
BRDA:162,39,0,1
BRDA:165,40,0,2
BRDA:191,41,0,7
BRDA:193,42,0,23
BRDA:194,43,0,8
BRDA:195,44,0,2
BRDA:203,45,0,1
BRDA:205,46,0,4
BRDA:206,47,0,3
BRDA:206,48,0,2
BRDA:206,49,0,1
BRDA:211,50,0,1
BRDA:213,51,0,4
BRDA:214,52,0,1
BRDA:216,53,0,0
BRDA:221,54,0,2
BRDA:223,55,0,1
BRDA:231,56,0,1
BRDA:233,57,0,3
BRDA:233,58,0,2
BRDA:233,59,0,1
BRDA:234,60,0,3
BRDA:234,61,0,2
BRDA:234,62,0,1
BRDA:235,63,0,3
BRDA:235,64,0,2
BRDA:235,65,0,1
BRDA:241,66,0,1
BRDA:243,67,0,2
BRDA:244,68,0,2
BRDA:245,69,0,2
BRDA:251,70,0,1
BRDA:253,71,0,2
BRDA:254,72,0,2
BRDA:255,73,0,2
BRF:74
BRH:73
end_of_record
